[0.010s] Invoking command in '/home/ypq/final_ws/build/camera_para_get': CMAKE_PREFIX_PATH=/opt/ros/humble /usr/bin/cmake /home/ypq/final_ws/src/camera_para_get -DAMENT_CMAKE_SYMLINK_INSTALL=1 -DCMAKE_INSTALL_PREFIX=/home/ypq/final_ws/install/camera_para_get
[0.022s] -- Found ament_cmake: 1.3.12 (/opt/ros/humble/share/ament_cmake/cmake)
[0.112s] -- Override CMake install command with custom implementation using symlinks instead of copying resources
[0.118s] -- Found rclcpp: 16.0.14 (/opt/ros/humble/share/rclcpp/cmake)
[0.142s] -- Found rosidl_generator_c: 3.1.7 (/opt/ros/humble/share/rosidl_generator_c/cmake)
[0.144s] -- Found rosidl_adapter: 3.1.7 (/opt/ros/humble/share/rosidl_adapter/cmake)
[0.149s] -- Found rosidl_generator_cpp: 3.1.7 (/opt/ros/humble/share/rosidl_generator_cpp/cmake)
[0.157s] -- Using all available rosidl_typesupport_c: rosidl_typesupport_fastrtps_c;rosidl_typesupport_introspection_c
[0.166s] -- Using all available rosidl_typesupport_cpp: rosidl_typesupport_fastrtps_cpp;rosidl_typesupport_introspection_cpp
[0.192s] -- Found rmw_implementation_cmake: 6.1.2 (/opt/ros/humble/share/rmw_implementation_cmake/cmake)
[0.193s] -- Found rmw_fastrtps_cpp: 6.2.8 (/opt/ros/humble/share/rmw_fastrtps_cpp/cmake)
[0.279s] -- Using RMW implementation 'rmw_fastrtps_cpp' as default
[0.314s] -- Found sensor_msgs: 4.9.0 (/opt/ros/humble/share/sensor_msgs/cmake)
[0.337s] -- Found ament_lint_auto: 0.12.14 (/opt/ros/humble/share/ament_lint_auto/cmake)
[0.382s] -- Added test 'cppcheck' to perform static code analysis on C / C++ code
[0.382s] -- Configured cppcheck include dirs: 
[0.382s] -- Configured cppcheck exclude dirs and/or files: 
[0.382s] -- Added test 'lint_cmake' to check CMake code style
[0.383s] -- Added test 'uncrustify' to check C / C++ code style
[0.383s] -- Configured uncrustify additional arguments: 
[0.383s] -- Added test 'xmllint' to check XML markup files
[0.384s] -- Configuring done
[0.391s] -- Generating done
[0.393s] -- Build files have been written to: /home/ypq/final_ws/build/camera_para_get
[0.398s] Invoked command in '/home/ypq/final_ws/build/camera_para_get' returned '0': CMAKE_PREFIX_PATH=/opt/ros/humble /usr/bin/cmake /home/ypq/final_ws/src/camera_para_get -DAMENT_CMAKE_SYMLINK_INSTALL=1 -DCMAKE_INSTALL_PREFIX=/home/ypq/final_ws/install/camera_para_get
[0.400s] Invoking command in '/home/ypq/final_ws/build/camera_para_get': CMAKE_PREFIX_PATH=/opt/ros/humble /usr/bin/cmake --build /home/ypq/final_ws/build/camera_para_get -- -j24 -l24
[0.431s] [35m[1mConsolidate compiler generated dependencies of target camera_info_publisher[0m
[0.459s] [ 50%] [32m[1mLinking CXX executable camera_info_publisher[0m
[0.611s] [100%] Built target camera_info_publisher
[0.621s] Invoked command in '/home/ypq/final_ws/build/camera_para_get' returned '0': CMAKE_PREFIX_PATH=/opt/ros/humble /usr/bin/cmake --build /home/ypq/final_ws/build/camera_para_get -- -j24 -l24
[0.622s] Invoking command in '/home/ypq/final_ws/build/camera_para_get': CMAKE_PREFIX_PATH=/opt/ros/humble /usr/bin/cmake --install /home/ypq/final_ws/build/camera_para_get
[0.628s] -- Install configuration: ""
[0.628s] -- Execute custom install script
[0.628s] -- Symlinking: /home/ypq/final_ws/install/camera_para_get/lib/camera_para_get/camera_info_publisher
[0.636s] -- Symlinking: /home/ypq/final_ws/install/camera_para_get/share/ament_index/resource_index/package_run_dependencies/camera_para_get
[0.642s] -- Symlinking: /home/ypq/final_ws/install/camera_para_get/share/ament_index/resource_index/parent_prefix_path/camera_para_get
[0.648s] -- Symlinking: /home/ypq/final_ws/install/camera_para_get/share/camera_para_get/environment/ament_prefix_path.sh
[0.656s] -- Symlinking: /home/ypq/final_ws/install/camera_para_get/share/camera_para_get/environment/ament_prefix_path.dsv
[0.664s] -- Symlinking: /home/ypq/final_ws/install/camera_para_get/share/camera_para_get/environment/path.sh
[0.671s] -- Symlinking: /home/ypq/final_ws/install/camera_para_get/share/camera_para_get/environment/path.dsv
[0.678s] -- Symlinking: /home/ypq/final_ws/install/camera_para_get/share/camera_para_get/local_setup.bash
[0.684s] -- Symlinking: /home/ypq/final_ws/install/camera_para_get/share/camera_para_get/local_setup.sh
[0.691s] -- Symlinking: /home/ypq/final_ws/install/camera_para_get/share/camera_para_get/local_setup.zsh
[0.696s] -- Symlinking: /home/ypq/final_ws/install/camera_para_get/share/camera_para_get/local_setup.dsv
[0.704s] -- Symlinking: /home/ypq/final_ws/install/camera_para_get/share/camera_para_get/package.dsv
[0.711s] -- Symlinking: /home/ypq/final_ws/install/camera_para_get/share/ament_index/resource_index/packages/camera_para_get
[0.719s] -- Symlinking: /home/ypq/final_ws/install/camera_para_get/share/camera_para_get/cmake/camera_para_getConfig.cmake
[0.726s] -- Symlinking: /home/ypq/final_ws/install/camera_para_get/share/camera_para_get/cmake/camera_para_getConfig-version.cmake
[0.731s] -- Symlinking: /home/ypq/final_ws/install/camera_para_get/share/camera_para_get/package.xml
[0.740s] Invoked command in '/home/ypq/final_ws/build/camera_para_get' returned '0': CMAKE_PREFIX_PATH=/opt/ros/humble /usr/bin/cmake --install /home/ypq/final_ws/build/camera_para_get
