[0.010s] Invoking command in '/home/ypq/final_ws/build/solvepnp': CMAKE_PREFIX_PATH=${CMAKE_PREFIX_PATH}:/opt/ros/humble /usr/bin/cmake --build /home/ypq/final_ws/build/solvepnp -- -j24 -l24
[0.035s] -- Found ament_cmake: 1.3.12 (/opt/ros/humble/share/ament_cmake/cmake)
[0.141s] -- Found rclcpp: 16.0.14 (/opt/ros/humble/share/rclcpp/cmake)
[0.168s] -- Found rosidl_generator_c: 3.1.7 (/opt/ros/humble/share/rosidl_generator_c/cmake)
[0.170s] -- Found rosidl_adapter: 3.1.7 (/opt/ros/humble/share/rosidl_adapter/cmake)
[0.175s] -- Found rosidl_generator_cpp: 3.1.7 (/opt/ros/humble/share/rosidl_generator_cpp/cmake)
[0.184s] -- Using all available rosidl_typesupport_c: rosidl_typesupport_fastrtps_c;rosidl_typesupport_introspection_c
[0.195s] -- Using all available rosidl_typesupport_cpp: rosidl_typesupport_fastrtps_cpp;rosidl_typesupport_introspection_cpp
[0.224s] -- Found rmw_implementation_cmake: 6.1.2 (/opt/ros/humble/share/rmw_implementation_cmake/cmake)
[0.226s] -- Found rmw_fastrtps_cpp: 6.2.8 (/opt/ros/humble/share/rmw_fastrtps_cpp/cmake)
[0.319s] -- Using RMW implementation 'rmw_fastrtps_cpp' as default
[0.379s] -- Found sensor_msgs: 4.9.0 (/opt/ros/humble/share/sensor_msgs/cmake)
[0.405s] -- Found ament_lint_auto: 0.12.14 (/opt/ros/humble/share/ament_lint_auto/cmake)
[0.462s] -- Added test 'cppcheck' to perform static code analysis on C / C++ code
[0.462s] -- Configured cppcheck include dirs: 
[0.462s] -- Configured cppcheck exclude dirs and/or files: 
[0.462s] -- Added test 'lint_cmake' to check CMake code style
[0.463s] -- Added test 'uncrustify' to check C / C++ code style
[0.463s] -- Configured uncrustify additional arguments: 
[0.463s] -- Added test 'xmllint' to check XML markup files
[0.464s] -- Configuring done
[0.471s] -- Generating done
[0.474s] -- Build files have been written to: /home/ypq/final_ws/build/solvepnp
[0.495s] [35m[1mConsolidate compiler generated dependencies of target camera_info_subscriber[0m
[0.517s] [ 50%] [32mBuilding CXX object CMakeFiles/camera_info_subscriber.dir/src/handle_sub_node.cpp.o[0m
[6.412s] [100%] [32m[1mLinking CXX executable camera_info_subscriber[0m
[6.752s] [100%] Built target camera_info_subscriber
[6.762s] Invoked command in '/home/ypq/final_ws/build/solvepnp' returned '0': CMAKE_PREFIX_PATH=${CMAKE_PREFIX_PATH}:/opt/ros/humble /usr/bin/cmake --build /home/ypq/final_ws/build/solvepnp -- -j24 -l24
[6.764s] Invoking command in '/home/ypq/final_ws/build/solvepnp': CMAKE_PREFIX_PATH=${CMAKE_PREFIX_PATH}:/opt/ros/humble /usr/bin/cmake --install /home/ypq/final_ws/build/solvepnp
[6.771s] -- Install configuration: ""
[6.771s] -- Installing: /home/ypq/final_ws/install/solvepnp/lib/solvepnp/camera_info_subscriber
[6.773s] -- Set runtime path of "/home/ypq/final_ws/install/solvepnp/lib/solvepnp/camera_info_subscriber" to ""
[6.774s] -- Installing: /home/ypq/final_ws/install/solvepnp/share/ament_index/resource_index/package_run_dependencies/solvepnp
[6.774s] -- Up-to-date: /home/ypq/final_ws/install/solvepnp/share/ament_index/resource_index/parent_prefix_path/solvepnp
[6.774s] -- Up-to-date: /home/ypq/final_ws/install/solvepnp/share/solvepnp/environment/ament_prefix_path.sh
[6.774s] -- Installing: /home/ypq/final_ws/install/solvepnp/share/solvepnp/environment/ament_prefix_path.dsv
[6.774s] -- Up-to-date: /home/ypq/final_ws/install/solvepnp/share/solvepnp/environment/path.sh
[6.774s] -- Installing: /home/ypq/final_ws/install/solvepnp/share/solvepnp/environment/path.dsv
[6.774s] -- Up-to-date: /home/ypq/final_ws/install/solvepnp/share/solvepnp/local_setup.bash
[6.774s] -- Up-to-date: /home/ypq/final_ws/install/solvepnp/share/solvepnp/local_setup.sh
[6.774s] -- Up-to-date: /home/ypq/final_ws/install/solvepnp/share/solvepnp/local_setup.zsh
[6.774s] -- Installing: /home/ypq/final_ws/install/solvepnp/share/solvepnp/local_setup.dsv
[6.774s] -- Installing: /home/ypq/final_ws/install/solvepnp/share/solvepnp/package.dsv
[6.774s] -- Up-to-date: /home/ypq/final_ws/install/solvepnp/share/ament_index/resource_index/packages/solvepnp
[6.774s] -- Up-to-date: /home/ypq/final_ws/install/solvepnp/share/solvepnp/cmake/solvepnpConfig.cmake
[6.774s] -- Up-to-date: /home/ypq/final_ws/install/solvepnp/share/solvepnp/cmake/solvepnpConfig-version.cmake
[6.774s] -- Installing: /home/ypq/final_ws/install/solvepnp/share/solvepnp/package.xml
[6.775s] Invoked command in '/home/ypq/final_ws/build/solvepnp' returned '0': CMAKE_PREFIX_PATH=${CMAKE_PREFIX_PATH}:/opt/ros/humble /usr/bin/cmake --install /home/ypq/final_ws/build/solvepnp
