[0.009s] Invoking command in '/home/ypq/final_ws/build/solvepnp': CMAKE_PREFIX_PATH=${CMAKE_PREFIX_PATH}:/opt/ros/humble /usr/bin/cmake --build /home/ypq/final_ws/build/solvepnp -- -j24 -l24
[0.047s] [35m[1mConsolidate compiler generated dependencies of target camera_info_subscriber[0m
[0.062s] [ 50%] [32mBuilding CXX object CMakeFiles/camera_info_subscriber.dir/src/handle_sub_node.cpp.o[0m
[5.473s] [100%] [32m[1mLinking CXX executable camera_info_subscriber[0m
[5.778s] [100%] Built target camera_info_subscriber
[5.788s] Invoked command in '/home/ypq/final_ws/build/solvepnp' returned '0': CMAKE_PREFIX_PATH=${CMAKE_PREFIX_PATH}:/opt/ros/humble /usr/bin/cmake --build /home/ypq/final_ws/build/solvepnp -- -j24 -l24
[5.791s] Invoking command in '/home/ypq/final_ws/build/solvepnp': CMAKE_PREFIX_PATH=${CMAKE_PREFIX_PATH}:/opt/ros/humble /usr/bin/cmake --install /home/ypq/final_ws/build/solvepnp
[5.798s] -- Install configuration: ""
[5.798s] -- Installing: /home/ypq/final_ws/install/solvepnp/lib/solvepnp/camera_info_subscriber
[5.802s] -- Set runtime path of "/home/ypq/final_ws/install/solvepnp/lib/solvepnp/camera_info_subscriber" to ""
[5.802s] -- Up-to-date: /home/ypq/final_ws/install/solvepnp/share/ament_index/resource_index/package_run_dependencies/solvepnp
[5.802s] -- Up-to-date: /home/ypq/final_ws/install/solvepnp/share/ament_index/resource_index/parent_prefix_path/solvepnp
[5.802s] -- Up-to-date: /home/ypq/final_ws/install/solvepnp/share/solvepnp/environment/ament_prefix_path.sh
[5.802s] -- Up-to-date: /home/ypq/final_ws/install/solvepnp/share/solvepnp/environment/ament_prefix_path.dsv
[5.802s] -- Up-to-date: /home/ypq/final_ws/install/solvepnp/share/solvepnp/environment/path.sh
[5.802s] -- Up-to-date: /home/ypq/final_ws/install/solvepnp/share/solvepnp/environment/path.dsv
[5.802s] -- Up-to-date: /home/ypq/final_ws/install/solvepnp/share/solvepnp/local_setup.bash
[5.802s] -- Up-to-date: /home/ypq/final_ws/install/solvepnp/share/solvepnp/local_setup.sh
[5.803s] -- Up-to-date: /home/ypq/final_ws/install/solvepnp/share/solvepnp/local_setup.zsh
[5.803s] -- Up-to-date: /home/ypq/final_ws/install/solvepnp/share/solvepnp/local_setup.dsv
[5.803s] -- Installing: /home/ypq/final_ws/install/solvepnp/share/solvepnp/package.dsv
[5.803s] -- Up-to-date: /home/ypq/final_ws/install/solvepnp/share/ament_index/resource_index/packages/solvepnp
[5.803s] -- Up-to-date: /home/ypq/final_ws/install/solvepnp/share/solvepnp/cmake/solvepnpConfig.cmake
[5.803s] -- Up-to-date: /home/ypq/final_ws/install/solvepnp/share/solvepnp/cmake/solvepnpConfig-version.cmake
[5.803s] -- Up-to-date: /home/ypq/final_ws/install/solvepnp/share/solvepnp/package.xml
[5.804s] Invoked command in '/home/ypq/final_ws/build/solvepnp' returned '0': CMAKE_PREFIX_PATH=${CMAKE_PREFIX_PATH}:/opt/ros/humble /usr/bin/cmake --install /home/ypq/final_ws/build/solvepnp
