[0.010s] Invoking command in '/home/ypq/final_ws/build/my_launch': CMAKE_PREFIX_PATH=${CMAKE_PREFIX_PATH}:/opt/ros/humble /usr/bin/cmake --build /home/ypq/final_ws/build/my_launch -- -j24 -l24
[0.035s] Invoked command in '/home/ypq/final_ws/build/my_launch' returned '0': CMAKE_PREFIX_PATH=${CMAKE_PREFIX_PATH}:/opt/ros/humble /usr/bin/cmake --build /home/ypq/final_ws/build/my_launch -- -j24 -l24
[0.044s] Invoking command in '/home/ypq/final_ws/build/my_launch': CMAKE_PREFIX_PATH=${CMAKE_PREFIX_PATH}:/opt/ros/humble /usr/bin/cmake --install /home/ypq/final_ws/build/my_launch
[0.049s] -- Install configuration: ""
[0.049s] -- Up-to-date: /home/ypq/final_ws/install/my_launch/share/my_launch/launch
[0.049s] -- Up-to-date: /home/ypq/final_ws/install/my_launch/share/my_launch/launch/launch.py
[0.049s] -- Up-to-date: /home/ypq/final_ws/install/my_launch/share/ament_index/resource_index/package_run_dependencies/my_launch
[0.049s] -- Up-to-date: /home/ypq/final_ws/install/my_launch/share/ament_index/resource_index/parent_prefix_path/my_launch
[0.050s] -- Up-to-date: /home/ypq/final_ws/install/my_launch/share/my_launch/environment/ament_prefix_path.sh
[0.050s] -- Up-to-date: /home/ypq/final_ws/install/my_launch/share/my_launch/environment/ament_prefix_path.dsv
[0.050s] -- Up-to-date: /home/ypq/final_ws/install/my_launch/share/my_launch/environment/path.sh
[0.050s] -- Up-to-date: /home/ypq/final_ws/install/my_launch/share/my_launch/environment/path.dsv
[0.050s] -- Up-to-date: /home/ypq/final_ws/install/my_launch/share/my_launch/local_setup.bash
[0.050s] -- Up-to-date: /home/ypq/final_ws/install/my_launch/share/my_launch/local_setup.sh
[0.050s] -- Up-to-date: /home/ypq/final_ws/install/my_launch/share/my_launch/local_setup.zsh
[0.050s] -- Up-to-date: /home/ypq/final_ws/install/my_launch/share/my_launch/local_setup.dsv
[0.050s] -- Installing: /home/ypq/final_ws/install/my_launch/share/my_launch/package.dsv
[0.050s] -- Up-to-date: /home/ypq/final_ws/install/my_launch/share/ament_index/resource_index/packages/my_launch
[0.050s] -- Up-to-date: /home/ypq/final_ws/install/my_launch/share/my_launch/cmake/my_launchConfig.cmake
[0.050s] -- Up-to-date: /home/ypq/final_ws/install/my_launch/share/my_launch/cmake/my_launchConfig-version.cmake
[0.050s] -- Up-to-date: /home/ypq/final_ws/install/my_launch/share/my_launch/package.xml
[0.051s] Invoked command in '/home/ypq/final_ws/build/my_launch' returned '0': CMAKE_PREFIX_PATH=${CMAKE_PREFIX_PATH}:/opt/ros/humble /usr/bin/cmake --install /home/ypq/final_ws/build/my_launch
