-- Found ament_cmake: 1.3.12 (/opt/ros/humble/share/ament_cmake/cmake)
-- Found rclcpp: 16.0.14 (/opt/ros/humble/share/rclcpp/cmake)
-- Found rosidl_generator_c: 3.1.7 (/opt/ros/humble/share/rosidl_generator_c/cmake)
-- Found rosidl_adapter: 3.1.7 (/opt/ros/humble/share/rosidl_adapter/cmake)
-- Found rosidl_generator_cpp: 3.1.7 (/opt/ros/humble/share/rosidl_generator_cpp/cmake)
-- Using all available rosidl_typesupport_c: rosidl_typesupport_fastrtps_c;rosidl_typesupport_introspection_c
-- Using all available rosidl_typesupport_cpp: rosidl_typesupport_fastrtps_cpp;rosidl_typesupport_introspection_cpp
-- Found rmw_implementation_cmake: 6.1.2 (/opt/ros/humble/share/rmw_implementation_cmake/cmake)
-- Found rmw_fastrtps_cpp: 6.2.8 (/opt/ros/humble/share/rmw_fastrtps_cpp/cmake)
-- Using RMW implementation 'rmw_fastrtps_cpp' as default
-- Found sensor_msgs: 4.9.0 (/opt/ros/humble/share/sensor_msgs/cmake)
-- Found ament_lint_auto: 0.12.14 (/opt/ros/humble/share/ament_lint_auto/cmake)
-- Added test 'cppcheck' to perform static code analysis on C / C++ code
-- Configured cppcheck include dirs: 
-- Configured cppcheck exclude dirs and/or files: 
-- Added test 'lint_cmake' to check CMake code style
-- Added test 'uncrustify' to check C / C++ code style
-- Configured uncrustify additional arguments: 
-- Added test 'xmllint' to check XML markup files
-- Configuring done
-- Generating done
-- Build files have been written to: /home/ypq/final_ws/build/camera_para_get
[35m[1mConsolidate compiler generated dependencies of target camera_info_publisher[0m
[100%] Built target camera_info_publisher
-- Install configuration: ""
-- Up-to-date: /home/ypq/final_ws/install/camera_para_get/lib/camera_para_get/camera_info_publisher
-- Up-to-date: /home/ypq/final_ws/install/camera_para_get/share/camera_para_get/config
-- Up-to-date: /home/ypq/final_ws/install/camera_para_get/share/camera_para_get/config/camera.yaml
-- Installing: /home/ypq/final_ws/install/camera_para_get/share/ament_index/resource_index/package_run_dependencies/camera_para_get
-- Installing: /home/ypq/final_ws/install/camera_para_get/share/ament_index/resource_index/parent_prefix_path/camera_para_get
-- Up-to-date: /home/ypq/final_ws/install/camera_para_get/share/camera_para_get/environment/ament_prefix_path.sh
-- Installing: /home/ypq/final_ws/install/camera_para_get/share/camera_para_get/environment/ament_prefix_path.dsv
-- Up-to-date: /home/ypq/final_ws/install/camera_para_get/share/camera_para_get/environment/path.sh
-- Installing: /home/ypq/final_ws/install/camera_para_get/share/camera_para_get/environment/path.dsv
-- Up-to-date: /home/ypq/final_ws/install/camera_para_get/share/camera_para_get/local_setup.bash
-- Up-to-date: /home/ypq/final_ws/install/camera_para_get/share/camera_para_get/local_setup.sh
-- Up-to-date: /home/ypq/final_ws/install/camera_para_get/share/camera_para_get/local_setup.zsh
-- Installing: /home/ypq/final_ws/install/camera_para_get/share/camera_para_get/local_setup.dsv
-- Installing: /home/ypq/final_ws/install/camera_para_get/share/camera_para_get/package.dsv
-- Up-to-date: /home/ypq/final_ws/install/camera_para_get/share/ament_index/resource_index/packages/camera_para_get
-- Up-to-date: /home/ypq/final_ws/install/camera_para_get/share/camera_para_get/cmake/camera_para_getConfig.cmake
-- Up-to-date: /home/ypq/final_ws/install/camera_para_get/share/camera_para_get/cmake/camera_para_getConfig-version.cmake
-- Installing: /home/ypq/final_ws/install/camera_para_get/share/camera_para_get/package.xml
