[0.079s] DEBUG:colcon:Command line arguments: ['/usr/bin/colcon', 'build']
[0.080s] DEBUG:colcon:Parsed command line arguments: Namespace(log_base=None, log_level=None, verb_name='build', build_base='build', install_base='install', merge_install=False, symlink_install=False, test_result_base=None, continue_on_error=False, executor='parallel', parallel_workers=24, event_handlers=None, ignore_user_meta=False, metas=['./colcon.meta'], base_paths=['.'], packages_ignore=None, packages_ignore_regex=None, paths=None, packages_up_to=None, packages_up_to_regex=None, packages_above=None, packages_above_and_dependencies=None, packages_above_depth=None, packages_select_by_dep=None, packages_skip_by_dep=None, packages_skip_up_to=None, packages_select_build_failed=False, packages_skip_build_finished=False, packages_select_test_failures=False, packages_skip_test_passed=False, packages_select=None, packages_skip=None, packages_select_regex=None, packages_skip_regex=None, packages_start=None, packages_end=None, allow_overriding=[], cmake_args=None, cmake_target=None, cmake_target_skip_unavailable=False, cmake_clean_cache=False, cmake_clean_first=False, cmake_force_configure=False, ament_cmake_args=None, catkin_cmake_args=None, catkin_skip_building_tests=False, verb_parser=<colcon_defaults.argument_parser.defaults.DefaultArgumentsDecorator object at 0x745f1b133460>, verb_extension=<colcon_core.verb.build.BuildVerb object at 0x745f1b132f20>, main=<bound method BuildVerb.main of <colcon_core.verb.build.BuildVerb object at 0x745f1b132f20>>)
[0.187s] Level 1:colcon.colcon_core.package_discovery:discover_packages(colcon_meta) check parameters
[0.187s] Level 1:colcon.colcon_core.package_discovery:discover_packages(recursive) check parameters
[0.187s] Level 1:colcon.colcon_core.package_discovery:discover_packages(ignore) check parameters
[0.187s] Level 1:colcon.colcon_core.package_discovery:discover_packages(path) check parameters
[0.187s] Level 1:colcon.colcon_core.package_discovery:discover_packages(colcon_meta) discover
[0.187s] Level 1:colcon.colcon_core.package_discovery:discover_packages(recursive) discover
[0.187s] INFO:colcon.colcon_core.package_discovery:Crawling recursively for packages in '/home/ypq/final_ws'
[0.188s] Level 1:colcon.colcon_core.package_identification:_identify(.) by extensions ['ignore', 'ignore_ament_install']
[0.188s] Level 1:colcon.colcon_core.package_identification:_identify(.) by extension 'ignore'
[0.188s] Level 1:colcon.colcon_core.package_identification:_identify(.) by extension 'ignore_ament_install'
[0.188s] Level 1:colcon.colcon_core.package_identification:_identify(.) by extensions ['colcon_pkg']
[0.188s] Level 1:colcon.colcon_core.package_identification:_identify(.) by extension 'colcon_pkg'
[0.188s] Level 1:colcon.colcon_core.package_identification:_identify(.) by extensions ['colcon_meta']
[0.188s] Level 1:colcon.colcon_core.package_identification:_identify(.) by extension 'colcon_meta'
[0.188s] Level 1:colcon.colcon_core.package_identification:_identify(.) by extensions ['ros']
[0.188s] Level 1:colcon.colcon_core.package_identification:_identify(.) by extension 'ros'
[0.196s] Level 1:colcon.colcon_core.package_identification:_identify(.) by extensions ['cmake', 'python']
[0.197s] Level 1:colcon.colcon_core.package_identification:_identify(.) by extension 'cmake'
[0.197s] Level 1:colcon.colcon_core.package_identification:_identify(.) by extension 'python'
[0.197s] Level 1:colcon.colcon_core.package_identification:_identify(.) by extensions ['python_setup_py']
[0.197s] Level 1:colcon.colcon_core.package_identification:_identify(.) by extension 'python_setup_py'
[0.197s] Level 1:colcon.colcon_core.package_identification:_identify(build) by extensions ['ignore', 'ignore_ament_install']
[0.197s] Level 1:colcon.colcon_core.package_identification:_identify(build) by extension 'ignore'
[0.197s] Level 1:colcon.colcon_core.package_identification:_identify(build) ignored
[0.197s] Level 1:colcon.colcon_core.package_identification:_identify(install) by extensions ['ignore', 'ignore_ament_install']
[0.197s] Level 1:colcon.colcon_core.package_identification:_identify(install) by extension 'ignore'
[0.197s] Level 1:colcon.colcon_core.package_identification:_identify(install) ignored
[0.197s] Level 1:colcon.colcon_core.package_identification:_identify(log) by extensions ['ignore', 'ignore_ament_install']
[0.197s] Level 1:colcon.colcon_core.package_identification:_identify(log) by extension 'ignore'
[0.197s] Level 1:colcon.colcon_core.package_identification:_identify(log) ignored
[0.197s] Level 1:colcon.colcon_core.package_identification:_identify(src) by extensions ['ignore', 'ignore_ament_install']
[0.197s] Level 1:colcon.colcon_core.package_identification:_identify(src) by extension 'ignore'
[0.197s] Level 1:colcon.colcon_core.package_identification:_identify(src) by extension 'ignore_ament_install'
[0.197s] Level 1:colcon.colcon_core.package_identification:_identify(src) by extensions ['colcon_pkg']
[0.197s] Level 1:colcon.colcon_core.package_identification:_identify(src) by extension 'colcon_pkg'
[0.197s] Level 1:colcon.colcon_core.package_identification:_identify(src) by extensions ['colcon_meta']
[0.197s] Level 1:colcon.colcon_core.package_identification:_identify(src) by extension 'colcon_meta'
[0.197s] Level 1:colcon.colcon_core.package_identification:_identify(src) by extensions ['ros']
[0.197s] Level 1:colcon.colcon_core.package_identification:_identify(src) by extension 'ros'
[0.197s] Level 1:colcon.colcon_core.package_identification:_identify(src) by extensions ['cmake', 'python']
[0.197s] Level 1:colcon.colcon_core.package_identification:_identify(src) by extension 'cmake'
[0.198s] Level 1:colcon.colcon_core.package_identification:_identify(src) by extension 'python'
[0.198s] Level 1:colcon.colcon_core.package_identification:_identify(src) by extensions ['python_setup_py']
[0.198s] Level 1:colcon.colcon_core.package_identification:_identify(src) by extension 'python_setup_py'
[0.198s] Level 1:colcon.colcon_core.package_identification:_identify(src/camera_para_get) by extensions ['ignore', 'ignore_ament_install']
[0.198s] Level 1:colcon.colcon_core.package_identification:_identify(src/camera_para_get) by extension 'ignore'
[0.198s] Level 1:colcon.colcon_core.package_identification:_identify(src/camera_para_get) by extension 'ignore_ament_install'
[0.198s] Level 1:colcon.colcon_core.package_identification:_identify(src/camera_para_get) by extensions ['colcon_pkg']
[0.198s] Level 1:colcon.colcon_core.package_identification:_identify(src/camera_para_get) by extension 'colcon_pkg'
[0.198s] Level 1:colcon.colcon_core.package_identification:_identify(src/camera_para_get) by extensions ['colcon_meta']
[0.198s] Level 1:colcon.colcon_core.package_identification:_identify(src/camera_para_get) by extension 'colcon_meta'
[0.198s] Level 1:colcon.colcon_core.package_identification:_identify(src/camera_para_get) by extensions ['ros']
[0.198s] Level 1:colcon.colcon_core.package_identification:_identify(src/camera_para_get) by extension 'ros'
[0.200s] DEBUG:colcon.colcon_core.package_identification:Package 'src/camera_para_get' with type 'ros.ament_cmake' and name 'camera_para_get'
[0.200s] Level 1:colcon.colcon_core.package_identification:_identify(src/my_launch) by extensions ['ignore', 'ignore_ament_install']
[0.200s] Level 1:colcon.colcon_core.package_identification:_identify(src/my_launch) by extension 'ignore'
[0.200s] Level 1:colcon.colcon_core.package_identification:_identify(src/my_launch) by extension 'ignore_ament_install'
[0.200s] Level 1:colcon.colcon_core.package_identification:_identify(src/my_launch) by extensions ['colcon_pkg']
[0.200s] Level 1:colcon.colcon_core.package_identification:_identify(src/my_launch) by extension 'colcon_pkg'
[0.200s] Level 1:colcon.colcon_core.package_identification:_identify(src/my_launch) by extensions ['colcon_meta']
[0.200s] Level 1:colcon.colcon_core.package_identification:_identify(src/my_launch) by extension 'colcon_meta'
[0.200s] Level 1:colcon.colcon_core.package_identification:_identify(src/my_launch) by extensions ['ros']
[0.200s] Level 1:colcon.colcon_core.package_identification:_identify(src/my_launch) by extension 'ros'
[0.201s] DEBUG:colcon.colcon_core.package_identification:Package 'src/my_launch' with type 'ros.ament_cmake' and name 'my_launch'
[0.201s] Level 1:colcon.colcon_core.package_identification:_identify(src/solvepnp) by extensions ['ignore', 'ignore_ament_install']
[0.201s] Level 1:colcon.colcon_core.package_identification:_identify(src/solvepnp) by extension 'ignore'
[0.201s] Level 1:colcon.colcon_core.package_identification:_identify(src/solvepnp) by extension 'ignore_ament_install'
[0.201s] Level 1:colcon.colcon_core.package_identification:_identify(src/solvepnp) by extensions ['colcon_pkg']
[0.201s] Level 1:colcon.colcon_core.package_identification:_identify(src/solvepnp) by extension 'colcon_pkg'
[0.201s] Level 1:colcon.colcon_core.package_identification:_identify(src/solvepnp) by extensions ['colcon_meta']
[0.201s] Level 1:colcon.colcon_core.package_identification:_identify(src/solvepnp) by extension 'colcon_meta'
[0.201s] Level 1:colcon.colcon_core.package_identification:_identify(src/solvepnp) by extensions ['ros']
[0.201s] Level 1:colcon.colcon_core.package_identification:_identify(src/solvepnp) by extension 'ros'
[0.202s] DEBUG:colcon.colcon_core.package_identification:Package 'src/solvepnp' with type 'ros.ament_cmake' and name 'solvepnp'
[0.202s] Level 1:colcon.colcon_core.package_discovery:discover_packages(recursive) using defaults
[0.202s] Level 1:colcon.colcon_core.package_discovery:discover_packages(ignore) discover
[0.202s] Level 1:colcon.colcon_core.package_discovery:discover_packages(ignore) using defaults
[0.202s] Level 1:colcon.colcon_core.package_discovery:discover_packages(path) discover
[0.202s] Level 1:colcon.colcon_core.package_discovery:discover_packages(path) using defaults
[0.216s] Level 1:colcon.colcon_core.package_discovery:discover_packages(prefix_path) check parameters
[0.216s] Level 1:colcon.colcon_core.package_discovery:discover_packages(prefix_path) discover
[0.218s] DEBUG:colcon.colcon_installed_package_information.package_discovery:Found 3 installed packages in /home/ypq/final_ws/install
[0.218s] DEBUG:colcon.colcon_installed_package_information.package_discovery:Found 289 installed packages in /opt/ros/humble
[0.220s] Level 1:colcon.colcon_core.package_discovery:discover_packages(prefix_path) using defaults
[0.252s] Level 5:colcon.colcon_core.verb:set package 'camera_para_get' build argument 'cmake_args' from command line to 'None'
[0.252s] Level 5:colcon.colcon_core.verb:set package 'camera_para_get' build argument 'cmake_target' from command line to 'None'
[0.252s] Level 5:colcon.colcon_core.verb:set package 'camera_para_get' build argument 'cmake_target_skip_unavailable' from command line to 'False'
[0.252s] Level 5:colcon.colcon_core.verb:set package 'camera_para_get' build argument 'cmake_clean_cache' from command line to 'False'
[0.252s] Level 5:colcon.colcon_core.verb:set package 'camera_para_get' build argument 'cmake_clean_first' from command line to 'False'
[0.252s] Level 5:colcon.colcon_core.verb:set package 'camera_para_get' build argument 'cmake_force_configure' from command line to 'False'
[0.252s] Level 5:colcon.colcon_core.verb:set package 'camera_para_get' build argument 'ament_cmake_args' from command line to 'None'
[0.252s] Level 5:colcon.colcon_core.verb:set package 'camera_para_get' build argument 'catkin_cmake_args' from command line to 'None'
[0.252s] Level 5:colcon.colcon_core.verb:set package 'camera_para_get' build argument 'catkin_skip_building_tests' from command line to 'False'
[0.252s] DEBUG:colcon.colcon_core.verb:Building package 'camera_para_get' with the following arguments: {'ament_cmake_args': None, 'build_base': '/home/ypq/final_ws/build/camera_para_get', 'catkin_cmake_args': None, 'catkin_skip_building_tests': False, 'cmake_args': None, 'cmake_clean_cache': False, 'cmake_clean_first': False, 'cmake_force_configure': False, 'cmake_target': None, 'cmake_target_skip_unavailable': False, 'install_base': '/home/ypq/final_ws/install/camera_para_get', 'merge_install': False, 'path': '/home/ypq/final_ws/src/camera_para_get', 'symlink_install': False, 'test_result_base': None}
[0.252s] Level 5:colcon.colcon_core.verb:set package 'my_launch' build argument 'cmake_args' from command line to 'None'
[0.252s] Level 5:colcon.colcon_core.verb:set package 'my_launch' build argument 'cmake_target' from command line to 'None'
[0.252s] Level 5:colcon.colcon_core.verb:set package 'my_launch' build argument 'cmake_target_skip_unavailable' from command line to 'False'
[0.252s] Level 5:colcon.colcon_core.verb:set package 'my_launch' build argument 'cmake_clean_cache' from command line to 'False'
[0.252s] Level 5:colcon.colcon_core.verb:set package 'my_launch' build argument 'cmake_clean_first' from command line to 'False'
[0.252s] Level 5:colcon.colcon_core.verb:set package 'my_launch' build argument 'cmake_force_configure' from command line to 'False'
[0.252s] Level 5:colcon.colcon_core.verb:set package 'my_launch' build argument 'ament_cmake_args' from command line to 'None'
[0.252s] Level 5:colcon.colcon_core.verb:set package 'my_launch' build argument 'catkin_cmake_args' from command line to 'None'
[0.252s] Level 5:colcon.colcon_core.verb:set package 'my_launch' build argument 'catkin_skip_building_tests' from command line to 'False'
[0.252s] DEBUG:colcon.colcon_core.verb:Building package 'my_launch' with the following arguments: {'ament_cmake_args': None, 'build_base': '/home/ypq/final_ws/build/my_launch', 'catkin_cmake_args': None, 'catkin_skip_building_tests': False, 'cmake_args': None, 'cmake_clean_cache': False, 'cmake_clean_first': False, 'cmake_force_configure': False, 'cmake_target': None, 'cmake_target_skip_unavailable': False, 'install_base': '/home/ypq/final_ws/install/my_launch', 'merge_install': False, 'path': '/home/ypq/final_ws/src/my_launch', 'symlink_install': False, 'test_result_base': None}
[0.252s] Level 5:colcon.colcon_core.verb:set package 'solvepnp' build argument 'cmake_args' from command line to 'None'
[0.252s] Level 5:colcon.colcon_core.verb:set package 'solvepnp' build argument 'cmake_target' from command line to 'None'
[0.253s] Level 5:colcon.colcon_core.verb:set package 'solvepnp' build argument 'cmake_target_skip_unavailable' from command line to 'False'
[0.253s] Level 5:colcon.colcon_core.verb:set package 'solvepnp' build argument 'cmake_clean_cache' from command line to 'False'
[0.253s] Level 5:colcon.colcon_core.verb:set package 'solvepnp' build argument 'cmake_clean_first' from command line to 'False'
[0.253s] Level 5:colcon.colcon_core.verb:set package 'solvepnp' build argument 'cmake_force_configure' from command line to 'False'
[0.253s] Level 5:colcon.colcon_core.verb:set package 'solvepnp' build argument 'ament_cmake_args' from command line to 'None'
[0.253s] Level 5:colcon.colcon_core.verb:set package 'solvepnp' build argument 'catkin_cmake_args' from command line to 'None'
[0.253s] Level 5:colcon.colcon_core.verb:set package 'solvepnp' build argument 'catkin_skip_building_tests' from command line to 'False'
[0.253s] DEBUG:colcon.colcon_core.verb:Building package 'solvepnp' with the following arguments: {'ament_cmake_args': None, 'build_base': '/home/ypq/final_ws/build/solvepnp', 'catkin_cmake_args': None, 'catkin_skip_building_tests': False, 'cmake_args': None, 'cmake_clean_cache': False, 'cmake_clean_first': False, 'cmake_force_configure': False, 'cmake_target': None, 'cmake_target_skip_unavailable': False, 'install_base': '/home/ypq/final_ws/install/solvepnp', 'merge_install': False, 'path': '/home/ypq/final_ws/src/solvepnp', 'symlink_install': False, 'test_result_base': None}
[0.253s] INFO:colcon.colcon_core.executor:Executing jobs using 'parallel' executor
[0.253s] DEBUG:colcon.colcon_parallel_executor.executor.parallel:run_until_complete
[0.254s] INFO:colcon.colcon_ros.task.ament_cmake.build:Building ROS package in '/home/ypq/final_ws/src/camera_para_get' with build type 'ament_cmake'
[0.254s] INFO:colcon.colcon_cmake.task.cmake.build:Building CMake package in '/home/ypq/final_ws/src/camera_para_get'
[0.255s] INFO:colcon.colcon_core.plugin_system:Skipping extension 'colcon_core.shell.bat': Not used on non-Windows systems
[0.255s] INFO:colcon.colcon_core.shell:Skip shell extension 'powershell' for command environment: Not usable outside of PowerShell
[0.255s] DEBUG:colcon.colcon_core.shell:Skip shell extension 'dsv' for command environment
[0.257s] INFO:colcon.colcon_ros.task.ament_cmake.build:Building ROS package in '/home/ypq/final_ws/src/my_launch' with build type 'ament_cmake'
[0.257s] INFO:colcon.colcon_cmake.task.cmake.build:Building CMake package in '/home/ypq/final_ws/src/my_launch'
[0.258s] INFO:colcon.colcon_core.shell:Skip shell extension 'powershell' for command environment: Not usable outside of PowerShell
[0.258s] DEBUG:colcon.colcon_core.shell:Skip shell extension 'dsv' for command environment
[0.259s] INFO:colcon.colcon_ros.task.ament_cmake.build:Building ROS package in '/home/ypq/final_ws/src/solvepnp' with build type 'ament_cmake'
[0.260s] INFO:colcon.colcon_cmake.task.cmake.build:Building CMake package in '/home/ypq/final_ws/src/solvepnp'
[0.260s] INFO:colcon.colcon_core.shell:Skip shell extension 'powershell' for command environment: Not usable outside of PowerShell
[0.260s] DEBUG:colcon.colcon_core.shell:Skip shell extension 'dsv' for command environment
[0.265s] DEBUG:colcon.colcon_core.event_handler.log_command:Invoking command in '/home/ypq/final_ws/build/camera_para_get': CMAKE_PREFIX_PATH=${CMAKE_PREFIX_PATH}:/opt/ros/humble /usr/bin/cmake --build /home/ypq/final_ws/build/camera_para_get -- -j24 -l24
[0.267s] DEBUG:colcon.colcon_core.event_handler.log_command:Invoking command in '/home/ypq/final_ws/build/my_launch': CMAKE_PREFIX_PATH=${CMAKE_PREFIX_PATH}:/opt/ros/humble /usr/bin/cmake --build /home/ypq/final_ws/build/my_launch -- -j24 -l24
[0.269s] DEBUG:colcon.colcon_core.event_handler.log_command:Invoking command in '/home/ypq/final_ws/build/solvepnp': CMAKE_PREFIX_PATH=${CMAKE_PREFIX_PATH}:/opt/ros/humble /usr/bin/cmake --build /home/ypq/final_ws/build/solvepnp -- -j24 -l24
[0.295s] DEBUG:colcon.colcon_core.event_handler.log_command:Invoked command in '/home/ypq/final_ws/build/my_launch' returned '0': CMAKE_PREFIX_PATH=${CMAKE_PREFIX_PATH}:/opt/ros/humble /usr/bin/cmake --build /home/ypq/final_ws/build/my_launch -- -j24 -l24
[0.303s] DEBUG:colcon.colcon_core.event_handler.log_command:Invoking command in '/home/ypq/final_ws/build/my_launch': CMAKE_PREFIX_PATH=${CMAKE_PREFIX_PATH}:/opt/ros/humble /usr/bin/cmake --install /home/ypq/final_ws/build/my_launch
[0.314s] Level 1:colcon.colcon_core.environment:create_environment_scripts_only(my_launch)
[0.315s] DEBUG:colcon.colcon_core.event_handler.log_command:Invoked command in '/home/ypq/final_ws/build/my_launch' returned '0': CMAKE_PREFIX_PATH=${CMAKE_PREFIX_PATH}:/opt/ros/humble /usr/bin/cmake --install /home/ypq/final_ws/build/my_launch
[0.316s] Level 1:colcon.colcon_core.environment:checking '/home/ypq/final_ws/install/my_launch' for CMake module files
[0.316s] Level 1:colcon.colcon_core.environment:checking '/home/ypq/final_ws/install/my_launch' for CMake config files
[0.316s] Level 1:colcon.colcon_core.shell:create_environment_hook('my_launch', 'cmake_prefix_path')
[0.316s] INFO:colcon.colcon_core.shell:Creating environment hook '/home/ypq/final_ws/install/my_launch/share/my_launch/hook/cmake_prefix_path.ps1'
[0.317s] INFO:colcon.colcon_core.shell:Creating environment descriptor '/home/ypq/final_ws/install/my_launch/share/my_launch/hook/cmake_prefix_path.dsv'
[0.317s] INFO:colcon.colcon_core.shell:Creating environment hook '/home/ypq/final_ws/install/my_launch/share/my_launch/hook/cmake_prefix_path.sh'
[0.318s] Level 1:colcon.colcon_core.environment:checking '/home/ypq/final_ws/install/my_launch/bin'
[0.318s] Level 1:colcon.colcon_core.environment:checking '/home/ypq/final_ws/install/my_launch/lib/pkgconfig/my_launch.pc'
[0.318s] Level 1:colcon.colcon_core.environment:checking '/home/ypq/final_ws/install/my_launch/lib/python3.10/site-packages'
[0.318s] Level 1:colcon.colcon_core.environment:checking '/home/ypq/final_ws/install/my_launch/bin'
[0.318s] INFO:colcon.colcon_core.shell:Creating package script '/home/ypq/final_ws/install/my_launch/share/my_launch/package.ps1'
[0.319s] INFO:colcon.colcon_core.shell:Creating package descriptor '/home/ypq/final_ws/install/my_launch/share/my_launch/package.dsv'
[0.319s] INFO:colcon.colcon_core.shell:Creating package script '/home/ypq/final_ws/install/my_launch/share/my_launch/package.sh'
[0.319s] INFO:colcon.colcon_core.shell:Creating package script '/home/ypq/final_ws/install/my_launch/share/my_launch/package.bash'
[0.320s] INFO:colcon.colcon_core.shell:Creating package script '/home/ypq/final_ws/install/my_launch/share/my_launch/package.zsh'
[0.320s] Level 1:colcon.colcon_core.environment:create_file_with_runtime_dependencies(/home/ypq/final_ws/install/my_launch/share/colcon-core/packages/my_launch)
[0.321s] Level 1:colcon.colcon_core.environment:create_environment_scripts_only(my_launch)
[0.321s] Level 1:colcon.colcon_core.environment:checking '/home/ypq/final_ws/install/my_launch' for CMake module files
[0.321s] Level 1:colcon.colcon_core.environment:checking '/home/ypq/final_ws/install/my_launch' for CMake config files
[0.321s] Level 1:colcon.colcon_core.shell:create_environment_hook('my_launch', 'cmake_prefix_path')
[0.321s] INFO:colcon.colcon_core.shell:Creating environment hook '/home/ypq/final_ws/install/my_launch/share/my_launch/hook/cmake_prefix_path.ps1'
[0.321s] INFO:colcon.colcon_core.shell:Creating environment descriptor '/home/ypq/final_ws/install/my_launch/share/my_launch/hook/cmake_prefix_path.dsv'
[0.322s] INFO:colcon.colcon_core.shell:Creating environment hook '/home/ypq/final_ws/install/my_launch/share/my_launch/hook/cmake_prefix_path.sh'
[0.322s] Level 1:colcon.colcon_core.environment:checking '/home/ypq/final_ws/install/my_launch/bin'
[0.322s] Level 1:colcon.colcon_core.environment:checking '/home/ypq/final_ws/install/my_launch/lib/pkgconfig/my_launch.pc'
[0.322s] Level 1:colcon.colcon_core.environment:checking '/home/ypq/final_ws/install/my_launch/lib/python3.10/site-packages'
[0.322s] Level 1:colcon.colcon_core.environment:checking '/home/ypq/final_ws/install/my_launch/bin'
[0.322s] INFO:colcon.colcon_core.shell:Creating package script '/home/ypq/final_ws/install/my_launch/share/my_launch/package.ps1'
[0.323s] INFO:colcon.colcon_core.shell:Creating package descriptor '/home/ypq/final_ws/install/my_launch/share/my_launch/package.dsv'
[0.323s] INFO:colcon.colcon_core.shell:Creating package script '/home/ypq/final_ws/install/my_launch/share/my_launch/package.sh'
[0.323s] INFO:colcon.colcon_core.shell:Creating package script '/home/ypq/final_ws/install/my_launch/share/my_launch/package.bash'
[0.323s] INFO:colcon.colcon_core.shell:Creating package script '/home/ypq/final_ws/install/my_launch/share/my_launch/package.zsh'
[0.323s] Level 1:colcon.colcon_core.environment:create_file_with_runtime_dependencies(/home/ypq/final_ws/install/my_launch/share/colcon-core/packages/my_launch)
[0.325s] DEBUG:colcon.colcon_core.event_handler.log_command:Invoked command in '/home/ypq/final_ws/build/solvepnp' returned '0': CMAKE_PREFIX_PATH=${CMAKE_PREFIX_PATH}:/opt/ros/humble /usr/bin/cmake --build /home/ypq/final_ws/build/solvepnp -- -j24 -l24
[0.326s] DEBUG:colcon.colcon_core.event_handler.log_command:Invoking command in '/home/ypq/final_ws/build/solvepnp': CMAKE_PREFIX_PATH=${CMAKE_PREFIX_PATH}:/opt/ros/humble /usr/bin/cmake --install /home/ypq/final_ws/build/solvepnp
[0.332s] Level 1:colcon.colcon_core.environment:create_environment_scripts_only(solvepnp)
[0.333s] Level 1:colcon.colcon_core.environment:checking '/home/ypq/final_ws/install/solvepnp' for CMake module files
[0.333s] DEBUG:colcon.colcon_core.event_handler.log_command:Invoked command in '/home/ypq/final_ws/build/solvepnp' returned '0': CMAKE_PREFIX_PATH=${CMAKE_PREFIX_PATH}:/opt/ros/humble /usr/bin/cmake --install /home/ypq/final_ws/build/solvepnp
[0.333s] Level 1:colcon.colcon_core.environment:checking '/home/ypq/final_ws/install/solvepnp' for CMake config files
[0.334s] Level 1:colcon.colcon_core.shell:create_environment_hook('solvepnp', 'cmake_prefix_path')
[0.334s] INFO:colcon.colcon_core.shell:Creating environment hook '/home/ypq/final_ws/install/solvepnp/share/solvepnp/hook/cmake_prefix_path.ps1'
[0.334s] INFO:colcon.colcon_core.shell:Creating environment descriptor '/home/ypq/final_ws/install/solvepnp/share/solvepnp/hook/cmake_prefix_path.dsv'
[0.335s] INFO:colcon.colcon_core.shell:Creating environment hook '/home/ypq/final_ws/install/solvepnp/share/solvepnp/hook/cmake_prefix_path.sh'
[0.335s] Level 1:colcon.colcon_core.environment:checking '/home/ypq/final_ws/install/solvepnp/lib'
[0.335s] Level 1:colcon.colcon_core.environment:checking '/home/ypq/final_ws/install/solvepnp/bin'
[0.335s] Level 1:colcon.colcon_core.environment:checking '/home/ypq/final_ws/install/solvepnp/lib/pkgconfig/solvepnp.pc'
[0.336s] Level 1:colcon.colcon_core.environment:checking '/home/ypq/final_ws/install/solvepnp/lib/python3.10/site-packages'
[0.336s] Level 1:colcon.colcon_core.environment:checking '/home/ypq/final_ws/install/solvepnp/bin'
[0.336s] INFO:colcon.colcon_core.shell:Creating package script '/home/ypq/final_ws/install/solvepnp/share/solvepnp/package.ps1'
[0.337s] INFO:colcon.colcon_core.shell:Creating package descriptor '/home/ypq/final_ws/install/solvepnp/share/solvepnp/package.dsv'
[0.337s] INFO:colcon.colcon_core.shell:Creating package script '/home/ypq/final_ws/install/solvepnp/share/solvepnp/package.sh'
[0.337s] INFO:colcon.colcon_core.shell:Creating package script '/home/ypq/final_ws/install/solvepnp/share/solvepnp/package.bash'
[0.338s] INFO:colcon.colcon_core.shell:Creating package script '/home/ypq/final_ws/install/solvepnp/share/solvepnp/package.zsh'
[0.338s] Level 1:colcon.colcon_core.environment:create_file_with_runtime_dependencies(/home/ypq/final_ws/install/solvepnp/share/colcon-core/packages/solvepnp)
[0.338s] Level 1:colcon.colcon_core.environment:create_environment_scripts_only(solvepnp)
[0.339s] Level 1:colcon.colcon_core.environment:checking '/home/ypq/final_ws/install/solvepnp' for CMake module files
[0.339s] Level 1:colcon.colcon_core.environment:checking '/home/ypq/final_ws/install/solvepnp' for CMake config files
[0.339s] Level 1:colcon.colcon_core.shell:create_environment_hook('solvepnp', 'cmake_prefix_path')
[0.339s] INFO:colcon.colcon_core.shell:Creating environment hook '/home/ypq/final_ws/install/solvepnp/share/solvepnp/hook/cmake_prefix_path.ps1'
[0.339s] INFO:colcon.colcon_core.shell:Creating environment descriptor '/home/ypq/final_ws/install/solvepnp/share/solvepnp/hook/cmake_prefix_path.dsv'
[0.339s] INFO:colcon.colcon_core.shell:Creating environment hook '/home/ypq/final_ws/install/solvepnp/share/solvepnp/hook/cmake_prefix_path.sh'
[0.340s] Level 1:colcon.colcon_core.environment:checking '/home/ypq/final_ws/install/solvepnp/lib'
[0.340s] Level 1:colcon.colcon_core.environment:checking '/home/ypq/final_ws/install/solvepnp/bin'
[0.340s] Level 1:colcon.colcon_core.environment:checking '/home/ypq/final_ws/install/solvepnp/lib/pkgconfig/solvepnp.pc'
[0.340s] Level 1:colcon.colcon_core.environment:checking '/home/ypq/final_ws/install/solvepnp/lib/python3.10/site-packages'
[0.340s] Level 1:colcon.colcon_core.environment:checking '/home/ypq/final_ws/install/solvepnp/bin'
[0.340s] INFO:colcon.colcon_core.shell:Creating package script '/home/ypq/final_ws/install/solvepnp/share/solvepnp/package.ps1'
[0.340s] INFO:colcon.colcon_core.shell:Creating package descriptor '/home/ypq/final_ws/install/solvepnp/share/solvepnp/package.dsv'
[0.341s] INFO:colcon.colcon_core.shell:Creating package script '/home/ypq/final_ws/install/solvepnp/share/solvepnp/package.sh'
[0.341s] INFO:colcon.colcon_core.shell:Creating package script '/home/ypq/final_ws/install/solvepnp/share/solvepnp/package.bash'
[0.341s] INFO:colcon.colcon_core.shell:Creating package script '/home/ypq/final_ws/install/solvepnp/share/solvepnp/package.zsh'
[0.341s] Level 1:colcon.colcon_core.environment:create_file_with_runtime_dependencies(/home/ypq/final_ws/install/solvepnp/share/colcon-core/packages/solvepnp)
[3.113s] DEBUG:colcon.colcon_core.event_handler.log_command:Invoked command in '/home/ypq/final_ws/build/camera_para_get' returned '0': CMAKE_PREFIX_PATH=${CMAKE_PREFIX_PATH}:/opt/ros/humble /usr/bin/cmake --build /home/ypq/final_ws/build/camera_para_get -- -j24 -l24
[3.114s] DEBUG:colcon.colcon_core.event_handler.log_command:Invoking command in '/home/ypq/final_ws/build/camera_para_get': CMAKE_PREFIX_PATH=${CMAKE_PREFIX_PATH}:/opt/ros/humble /usr/bin/cmake --install /home/ypq/final_ws/build/camera_para_get
[3.125s] Level 1:colcon.colcon_core.environment:create_environment_scripts_only(camera_para_get)
[3.125s] DEBUG:colcon.colcon_core.event_handler.log_command:Invoked command in '/home/ypq/final_ws/build/camera_para_get' returned '0': CMAKE_PREFIX_PATH=${CMAKE_PREFIX_PATH}:/opt/ros/humble /usr/bin/cmake --install /home/ypq/final_ws/build/camera_para_get
[3.125s] Level 1:colcon.colcon_core.environment:checking '/home/ypq/final_ws/install/camera_para_get' for CMake module files
[3.126s] Level 1:colcon.colcon_core.environment:checking '/home/ypq/final_ws/install/camera_para_get' for CMake config files
[3.126s] Level 1:colcon.colcon_core.shell:create_environment_hook('camera_para_get', 'cmake_prefix_path')
[3.127s] INFO:colcon.colcon_core.shell:Creating environment hook '/home/ypq/final_ws/install/camera_para_get/share/camera_para_get/hook/cmake_prefix_path.ps1'
[3.127s] INFO:colcon.colcon_core.shell:Creating environment descriptor '/home/ypq/final_ws/install/camera_para_get/share/camera_para_get/hook/cmake_prefix_path.dsv'
[3.127s] INFO:colcon.colcon_core.shell:Creating environment hook '/home/ypq/final_ws/install/camera_para_get/share/camera_para_get/hook/cmake_prefix_path.sh'
[3.128s] Level 1:colcon.colcon_core.environment:checking '/home/ypq/final_ws/install/camera_para_get/lib'
[3.128s] Level 1:colcon.colcon_core.environment:checking '/home/ypq/final_ws/install/camera_para_get/bin'
[3.128s] Level 1:colcon.colcon_core.environment:checking '/home/ypq/final_ws/install/camera_para_get/lib/pkgconfig/camera_para_get.pc'
[3.129s] Level 1:colcon.colcon_core.environment:checking '/home/ypq/final_ws/install/camera_para_get/lib/python3.10/site-packages'
[3.129s] Level 1:colcon.colcon_core.environment:checking '/home/ypq/final_ws/install/camera_para_get/bin'
[3.129s] INFO:colcon.colcon_core.shell:Creating package script '/home/ypq/final_ws/install/camera_para_get/share/camera_para_get/package.ps1'
[3.130s] INFO:colcon.colcon_core.shell:Creating package descriptor '/home/ypq/final_ws/install/camera_para_get/share/camera_para_get/package.dsv'
[3.130s] INFO:colcon.colcon_core.shell:Creating package script '/home/ypq/final_ws/install/camera_para_get/share/camera_para_get/package.sh'
[3.131s] INFO:colcon.colcon_core.shell:Creating package script '/home/ypq/final_ws/install/camera_para_get/share/camera_para_get/package.bash'
[3.131s] INFO:colcon.colcon_core.shell:Creating package script '/home/ypq/final_ws/install/camera_para_get/share/camera_para_get/package.zsh'
[3.131s] Level 1:colcon.colcon_core.environment:create_file_with_runtime_dependencies(/home/ypq/final_ws/install/camera_para_get/share/colcon-core/packages/camera_para_get)
[3.131s] Level 1:colcon.colcon_core.environment:create_environment_scripts_only(camera_para_get)
[3.132s] Level 1:colcon.colcon_core.environment:checking '/home/ypq/final_ws/install/camera_para_get' for CMake module files
[3.132s] Level 1:colcon.colcon_core.environment:checking '/home/ypq/final_ws/install/camera_para_get' for CMake config files
[3.132s] Level 1:colcon.colcon_core.shell:create_environment_hook('camera_para_get', 'cmake_prefix_path')
[3.132s] INFO:colcon.colcon_core.shell:Creating environment hook '/home/ypq/final_ws/install/camera_para_get/share/camera_para_get/hook/cmake_prefix_path.ps1'
[3.132s] INFO:colcon.colcon_core.shell:Creating environment descriptor '/home/ypq/final_ws/install/camera_para_get/share/camera_para_get/hook/cmake_prefix_path.dsv'
[3.133s] INFO:colcon.colcon_core.shell:Creating environment hook '/home/ypq/final_ws/install/camera_para_get/share/camera_para_get/hook/cmake_prefix_path.sh'
[3.133s] Level 1:colcon.colcon_core.environment:checking '/home/ypq/final_ws/install/camera_para_get/lib'
[3.133s] Level 1:colcon.colcon_core.environment:checking '/home/ypq/final_ws/install/camera_para_get/bin'
[3.133s] Level 1:colcon.colcon_core.environment:checking '/home/ypq/final_ws/install/camera_para_get/lib/pkgconfig/camera_para_get.pc'
[3.133s] Level 1:colcon.colcon_core.environment:checking '/home/ypq/final_ws/install/camera_para_get/lib/python3.10/site-packages'
[3.133s] Level 1:colcon.colcon_core.environment:checking '/home/ypq/final_ws/install/camera_para_get/bin'
[3.133s] INFO:colcon.colcon_core.shell:Creating package script '/home/ypq/final_ws/install/camera_para_get/share/camera_para_get/package.ps1'
[3.134s] INFO:colcon.colcon_core.shell:Creating package descriptor '/home/ypq/final_ws/install/camera_para_get/share/camera_para_get/package.dsv'
[3.134s] INFO:colcon.colcon_core.shell:Creating package script '/home/ypq/final_ws/install/camera_para_get/share/camera_para_get/package.sh'
[3.134s] INFO:colcon.colcon_core.shell:Creating package script '/home/ypq/final_ws/install/camera_para_get/share/camera_para_get/package.bash'
[3.134s] INFO:colcon.colcon_core.shell:Creating package script '/home/ypq/final_ws/install/camera_para_get/share/camera_para_get/package.zsh'
[3.135s] Level 1:colcon.colcon_core.environment:create_file_with_runtime_dependencies(/home/ypq/final_ws/install/camera_para_get/share/colcon-core/packages/camera_para_get)
[3.135s] DEBUG:colcon.colcon_parallel_executor.executor.parallel:closing loop
[3.135s] DEBUG:colcon.colcon_parallel_executor.executor.parallel:loop closed
[3.135s] DEBUG:colcon.colcon_parallel_executor.executor.parallel:run_until_complete finished with '0'
[3.135s] DEBUG:colcon.colcon_core.event_reactor:joining thread
[3.138s] INFO:colcon.colcon_core.plugin_system:Skipping extension 'colcon_notification.desktop_notification.terminal_notifier': Not used on non-Darwin systems
[3.138s] INFO:colcon.colcon_core.plugin_system:Skipping extension 'colcon_notification.desktop_notification.win32': Not used on non-Windows systems
[3.138s] INFO:colcon.colcon_notification.desktop_notification:Sending desktop notification using 'notify2'
[3.148s] DEBUG:colcon.colcon_core.event_reactor:joined thread
[3.149s] INFO:colcon.colcon_core.shell:Creating prefix script '/home/ypq/final_ws/install/local_setup.ps1'
[3.150s] INFO:colcon.colcon_core.shell:Creating prefix util module '/home/ypq/final_ws/install/_local_setup_util_ps1.py'
[3.152s] INFO:colcon.colcon_core.shell:Creating prefix chain script '/home/ypq/final_ws/install/setup.ps1'
[3.154s] INFO:colcon.colcon_core.shell:Creating prefix script '/home/ypq/final_ws/install/local_setup.sh'
[3.155s] INFO:colcon.colcon_core.shell:Creating prefix util module '/home/ypq/final_ws/install/_local_setup_util_sh.py'
[3.156s] INFO:colcon.colcon_core.shell:Creating prefix chain script '/home/ypq/final_ws/install/setup.sh'
[3.157s] INFO:colcon.colcon_core.shell:Creating prefix script '/home/ypq/final_ws/install/local_setup.bash'
[3.157s] INFO:colcon.colcon_core.shell:Creating prefix chain script '/home/ypq/final_ws/install/setup.bash'
[3.158s] INFO:colcon.colcon_core.shell:Creating prefix script '/home/ypq/final_ws/install/local_setup.zsh'
[3.158s] INFO:colcon.colcon_core.shell:Creating prefix chain script '/home/ypq/final_ws/install/setup.zsh'
