[0.008s] Invoking command in '/home/ypq/final_ws/build/my_launch': CMAKE_PREFIX_PATH=/opt/ros/humble /usr/bin/cmake --build /home/ypq/final_ws/build/my_launch -- -j24 -l24
[0.029s] -- Found ament_cmake: 1.3.12 (/opt/ros/humble/share/ament_cmake/cmake)
[0.128s] -- Found ament_lint_auto: 0.12.14 (/opt/ros/humble/share/ament_lint_auto/cmake)
[0.174s] -- Added test 'flake8' to check Python code syntax and style conventions
[0.174s] -- Added test 'lint_cmake' to check CMake code style
[0.174s] -- Added test 'pep257' to check Python code against some of the docstring style conventions in PEP 257
[0.175s] -- Added test 'xmllint' to check XML markup files
[0.176s] -- Configuring done
[0.178s] -- Generating done
[0.178s] -- Build files have been written to: /home/ypq/final_ws/build/my_launch
[0.194s] Invoked command in '/home/ypq/final_ws/build/my_launch' returned '0': CMAKE_PREFIX_PATH=/opt/ros/humble /usr/bin/cmake --build /home/ypq/final_ws/build/my_launch -- -j24 -l24
[0.202s] Invoking command in '/home/ypq/final_ws/build/my_launch': CMAKE_PREFIX_PATH=/opt/ros/humble /usr/bin/cmake --install /home/ypq/final_ws/build/my_launch
[0.207s] -- Install configuration: ""
[0.207s] -- Installing: /home/ypq/final_ws/install/my_launch/share/my_launch/config
[0.207s] -- Installing: /home/ypq/final_ws/install/my_launch/share/my_launch/config/camera.yaml
[0.207s] -- Installing: /home/ypq/final_ws/install/my_launch/share/my_launch/config/timer.yaml
[0.207s] -- Installing: /home/ypq/final_ws/install/my_launch/share/my_launch/config/kf_para.yaml
[0.207s] -- Up-to-date: /home/ypq/final_ws/install/my_launch/share/my_launch/launch
[0.207s] -- Installing: /home/ypq/final_ws/install/my_launch/share/my_launch/launch/launch.py
[0.207s] -- Up-to-date: /home/ypq/final_ws/install/my_launch/share/ament_index/resource_index/package_run_dependencies/my_launch
[0.207s] -- Up-to-date: /home/ypq/final_ws/install/my_launch/share/ament_index/resource_index/parent_prefix_path/my_launch
[0.207s] -- Up-to-date: /home/ypq/final_ws/install/my_launch/share/my_launch/environment/ament_prefix_path.sh
[0.207s] -- Installing: /home/ypq/final_ws/install/my_launch/share/my_launch/environment/ament_prefix_path.dsv
[0.207s] -- Up-to-date: /home/ypq/final_ws/install/my_launch/share/my_launch/environment/path.sh
[0.207s] -- Installing: /home/ypq/final_ws/install/my_launch/share/my_launch/environment/path.dsv
[0.207s] -- Up-to-date: /home/ypq/final_ws/install/my_launch/share/my_launch/local_setup.bash
[0.207s] -- Up-to-date: /home/ypq/final_ws/install/my_launch/share/my_launch/local_setup.sh
[0.207s] -- Up-to-date: /home/ypq/final_ws/install/my_launch/share/my_launch/local_setup.zsh
[0.208s] -- Installing: /home/ypq/final_ws/install/my_launch/share/my_launch/local_setup.dsv
[0.208s] -- Installing: /home/ypq/final_ws/install/my_launch/share/my_launch/package.dsv
[0.208s] -- Up-to-date: /home/ypq/final_ws/install/my_launch/share/ament_index/resource_index/packages/my_launch
[0.208s] -- Up-to-date: /home/ypq/final_ws/install/my_launch/share/my_launch/cmake/my_launchConfig.cmake
[0.208s] -- Up-to-date: /home/ypq/final_ws/install/my_launch/share/my_launch/cmake/my_launchConfig-version.cmake
[0.208s] -- Up-to-date: /home/ypq/final_ws/install/my_launch/share/my_launch/package.xml
[0.209s] Invoked command in '/home/ypq/final_ws/build/my_launch' returned '0': CMAKE_PREFIX_PATH=/opt/ros/humble /usr/bin/cmake --install /home/ypq/final_ws/build/my_launch
