[0.010s] Invoking command in '/home/ypq/final_ws/build/camera_para_get': CMAKE_PREFIX_PATH=${CMAKE_PREFIX_PATH}:/opt/ros/humble /usr/bin/cmake --build /home/ypq/final_ws/build/camera_para_get -- -j24 -l24
[0.054s] [100%] Built target camera_info_publisher
[0.066s] Invoked command in '/home/ypq/final_ws/build/camera_para_get' returned '0': CMAKE_PREFIX_PATH=${CMAKE_PREFIX_PATH}:/opt/ros/humble /usr/bin/cmake --build /home/ypq/final_ws/build/camera_para_get -- -j24 -l24
[0.067s] Invoking command in '/home/ypq/final_ws/build/camera_para_get': CMAKE_PREFIX_PATH=${CMAKE_PREFIX_PATH}:/opt/ros/humble /usr/bin/cmake --install /home/ypq/final_ws/build/camera_para_get
[0.074s] -- Install configuration: ""
[0.074s] -- Up-to-date: /home/ypq/final_ws/install/camera_para_get/lib/camera_para_get/camera_info_publisher
[0.074s] -- Up-to-date: /home/ypq/final_ws/install/camera_para_get/share/camera_para_get/config
[0.074s] -- Up-to-date: /home/ypq/final_ws/install/camera_para_get/share/camera_para_get/config/camera.yaml
[0.074s] -- Up-to-date: /home/ypq/final_ws/install/camera_para_get/share/ament_index/resource_index/package_run_dependencies/camera_para_get
[0.074s] -- Up-to-date: /home/ypq/final_ws/install/camera_para_get/share/ament_index/resource_index/parent_prefix_path/camera_para_get
[0.074s] -- Up-to-date: /home/ypq/final_ws/install/camera_para_get/share/camera_para_get/environment/ament_prefix_path.sh
[0.074s] -- Up-to-date: /home/ypq/final_ws/install/camera_para_get/share/camera_para_get/environment/ament_prefix_path.dsv
[0.074s] -- Up-to-date: /home/ypq/final_ws/install/camera_para_get/share/camera_para_get/environment/path.sh
[0.074s] -- Up-to-date: /home/ypq/final_ws/install/camera_para_get/share/camera_para_get/environment/path.dsv
[0.074s] -- Up-to-date: /home/ypq/final_ws/install/camera_para_get/share/camera_para_get/local_setup.bash
[0.074s] -- Up-to-date: /home/ypq/final_ws/install/camera_para_get/share/camera_para_get/local_setup.sh
[0.074s] -- Up-to-date: /home/ypq/final_ws/install/camera_para_get/share/camera_para_get/local_setup.zsh
[0.075s] -- Up-to-date: /home/ypq/final_ws/install/camera_para_get/share/camera_para_get/local_setup.dsv
[0.075s] -- Installing: /home/ypq/final_ws/install/camera_para_get/share/camera_para_get/package.dsv
[0.075s] -- Up-to-date: /home/ypq/final_ws/install/camera_para_get/share/ament_index/resource_index/packages/camera_para_get
[0.075s] -- Up-to-date: /home/ypq/final_ws/install/camera_para_get/share/camera_para_get/cmake/camera_para_getConfig.cmake
[0.075s] -- Up-to-date: /home/ypq/final_ws/install/camera_para_get/share/camera_para_get/cmake/camera_para_getConfig-version.cmake
[0.075s] -- Up-to-date: /home/ypq/final_ws/install/camera_para_get/share/camera_para_get/package.xml
[0.076s] Invoked command in '/home/ypq/final_ws/build/camera_para_get' returned '0': CMAKE_PREFIX_PATH=${CMAKE_PREFIX_PATH}:/opt/ros/humble /usr/bin/cmake --install /home/ypq/final_ws/build/camera_para_get
