[0.082s] DEBUG:colcon:Command line arguments: ['/usr/bin/colcon', 'build', '--symlink-install']
[0.082s] DEBUG:colcon:Parsed command line arguments: Namespace(log_base=None, log_level=None, verb_name='build', build_base='build', install_base='install', merge_install=False, symlink_install=True, test_result_base=None, continue_on_error=False, executor='parallel', parallel_workers=24, event_handlers=None, ignore_user_meta=False, metas=['./colcon.meta'], base_paths=['.'], packages_ignore=None, packages_ignore_regex=None, paths=None, packages_up_to=None, packages_up_to_regex=None, packages_above=None, packages_above_and_dependencies=None, packages_above_depth=None, packages_select_by_dep=None, packages_skip_by_dep=None, packages_skip_up_to=None, packages_select_build_failed=False, packages_skip_build_finished=False, packages_select_test_failures=False, packages_skip_test_passed=False, packages_select=None, packages_skip=None, packages_select_regex=None, packages_skip_regex=None, packages_start=None, packages_end=None, allow_overriding=[], cmake_args=None, cmake_target=None, cmake_target_skip_unavailable=False, cmake_clean_cache=False, cmake_clean_first=False, cmake_force_configure=False, ament_cmake_args=None, catkin_cmake_args=None, catkin_skip_building_tests=False, verb_parser=<colcon_defaults.argument_parser.defaults.DefaultArgumentsDecorator object at 0x79d27f32f490>, verb_extension=<colcon_core.verb.build.BuildVerb object at 0x79d27f32ef50>, main=<bound method BuildVerb.main of <colcon_core.verb.build.BuildVerb object at 0x79d27f32ef50>>)
[0.203s] Level 1:colcon.colcon_core.package_discovery:discover_packages(colcon_meta) check parameters
[0.203s] Level 1:colcon.colcon_core.package_discovery:discover_packages(recursive) check parameters
[0.203s] Level 1:colcon.colcon_core.package_discovery:discover_packages(ignore) check parameters
[0.203s] Level 1:colcon.colcon_core.package_discovery:discover_packages(path) check parameters
[0.203s] Level 1:colcon.colcon_core.package_discovery:discover_packages(colcon_meta) discover
[0.203s] Level 1:colcon.colcon_core.package_discovery:discover_packages(recursive) discover
[0.203s] INFO:colcon.colcon_core.package_discovery:Crawling recursively for packages in '/home/ypq/final_ws'
[0.203s] Level 1:colcon.colcon_core.package_identification:_identify(.) by extensions ['ignore', 'ignore_ament_install']
[0.203s] Level 1:colcon.colcon_core.package_identification:_identify(.) by extension 'ignore'
[0.204s] Level 1:colcon.colcon_core.package_identification:_identify(.) by extension 'ignore_ament_install'
[0.204s] Level 1:colcon.colcon_core.package_identification:_identify(.) by extensions ['colcon_pkg']
[0.204s] Level 1:colcon.colcon_core.package_identification:_identify(.) by extension 'colcon_pkg'
[0.204s] Level 1:colcon.colcon_core.package_identification:_identify(.) by extensions ['colcon_meta']
[0.204s] Level 1:colcon.colcon_core.package_identification:_identify(.) by extension 'colcon_meta'
[0.204s] Level 1:colcon.colcon_core.package_identification:_identify(.) by extensions ['ros']
[0.204s] Level 1:colcon.colcon_core.package_identification:_identify(.) by extension 'ros'
[0.211s] Level 1:colcon.colcon_core.package_identification:_identify(.) by extensions ['cmake', 'python']
[0.211s] Level 1:colcon.colcon_core.package_identification:_identify(.) by extension 'cmake'
[0.211s] Level 1:colcon.colcon_core.package_identification:_identify(.) by extension 'python'
[0.211s] Level 1:colcon.colcon_core.package_identification:_identify(.) by extensions ['python_setup_py']
[0.211s] Level 1:colcon.colcon_core.package_identification:_identify(.) by extension 'python_setup_py'
[0.211s] Level 1:colcon.colcon_core.package_identification:_identify(build) by extensions ['ignore', 'ignore_ament_install']
[0.211s] Level 1:colcon.colcon_core.package_identification:_identify(build) by extension 'ignore'
[0.211s] Level 1:colcon.colcon_core.package_identification:_identify(build) ignored
[0.211s] Level 1:colcon.colcon_core.package_identification:_identify(install) by extensions ['ignore', 'ignore_ament_install']
[0.211s] Level 1:colcon.colcon_core.package_identification:_identify(install) by extension 'ignore'
[0.211s] Level 1:colcon.colcon_core.package_identification:_identify(install) ignored
[0.211s] Level 1:colcon.colcon_core.package_identification:_identify(log) by extensions ['ignore', 'ignore_ament_install']
[0.211s] Level 1:colcon.colcon_core.package_identification:_identify(log) by extension 'ignore'
[0.211s] Level 1:colcon.colcon_core.package_identification:_identify(log) ignored
[0.211s] Level 1:colcon.colcon_core.package_identification:_identify(src) by extensions ['ignore', 'ignore_ament_install']
[0.212s] Level 1:colcon.colcon_core.package_identification:_identify(src) by extension 'ignore'
[0.212s] Level 1:colcon.colcon_core.package_identification:_identify(src) by extension 'ignore_ament_install'
[0.212s] Level 1:colcon.colcon_core.package_identification:_identify(src) by extensions ['colcon_pkg']
[0.212s] Level 1:colcon.colcon_core.package_identification:_identify(src) by extension 'colcon_pkg'
[0.212s] Level 1:colcon.colcon_core.package_identification:_identify(src) by extensions ['colcon_meta']
[0.212s] Level 1:colcon.colcon_core.package_identification:_identify(src) by extension 'colcon_meta'
[0.212s] Level 1:colcon.colcon_core.package_identification:_identify(src) by extensions ['ros']
[0.212s] Level 1:colcon.colcon_core.package_identification:_identify(src) by extension 'ros'
[0.212s] Level 1:colcon.colcon_core.package_identification:_identify(src) by extensions ['cmake', 'python']
[0.212s] Level 1:colcon.colcon_core.package_identification:_identify(src) by extension 'cmake'
[0.212s] Level 1:colcon.colcon_core.package_identification:_identify(src) by extension 'python'
[0.212s] Level 1:colcon.colcon_core.package_identification:_identify(src) by extensions ['python_setup_py']
[0.212s] Level 1:colcon.colcon_core.package_identification:_identify(src) by extension 'python_setup_py'
[0.212s] Level 1:colcon.colcon_core.package_identification:_identify(src/camera_para_get) by extensions ['ignore', 'ignore_ament_install']
[0.212s] Level 1:colcon.colcon_core.package_identification:_identify(src/camera_para_get) by extension 'ignore'
[0.212s] Level 1:colcon.colcon_core.package_identification:_identify(src/camera_para_get) by extension 'ignore_ament_install'
[0.212s] Level 1:colcon.colcon_core.package_identification:_identify(src/camera_para_get) by extensions ['colcon_pkg']
[0.212s] Level 1:colcon.colcon_core.package_identification:_identify(src/camera_para_get) by extension 'colcon_pkg'
[0.212s] Level 1:colcon.colcon_core.package_identification:_identify(src/camera_para_get) by extensions ['colcon_meta']
[0.212s] Level 1:colcon.colcon_core.package_identification:_identify(src/camera_para_get) by extension 'colcon_meta'
[0.212s] Level 1:colcon.colcon_core.package_identification:_identify(src/camera_para_get) by extensions ['ros']
[0.212s] Level 1:colcon.colcon_core.package_identification:_identify(src/camera_para_get) by extension 'ros'
[0.214s] DEBUG:colcon.colcon_core.package_identification:Package 'src/camera_para_get' with type 'ros.ament_cmake' and name 'camera_para_get'
[0.214s] Level 1:colcon.colcon_core.package_identification:_identify(src/my_launch) by extensions ['ignore', 'ignore_ament_install']
[0.214s] Level 1:colcon.colcon_core.package_identification:_identify(src/my_launch) by extension 'ignore'
[0.214s] Level 1:colcon.colcon_core.package_identification:_identify(src/my_launch) by extension 'ignore_ament_install'
[0.214s] Level 1:colcon.colcon_core.package_identification:_identify(src/my_launch) by extensions ['colcon_pkg']
[0.214s] Level 1:colcon.colcon_core.package_identification:_identify(src/my_launch) by extension 'colcon_pkg'
[0.214s] Level 1:colcon.colcon_core.package_identification:_identify(src/my_launch) by extensions ['colcon_meta']
[0.214s] Level 1:colcon.colcon_core.package_identification:_identify(src/my_launch) by extension 'colcon_meta'
[0.214s] Level 1:colcon.colcon_core.package_identification:_identify(src/my_launch) by extensions ['ros']
[0.214s] Level 1:colcon.colcon_core.package_identification:_identify(src/my_launch) by extension 'ros'
[0.215s] DEBUG:colcon.colcon_core.package_identification:Package 'src/my_launch' with type 'ros.ament_cmake' and name 'my_launch'
[0.215s] Level 1:colcon.colcon_core.package_identification:_identify(src/solvepnp) by extensions ['ignore', 'ignore_ament_install']
[0.215s] Level 1:colcon.colcon_core.package_identification:_identify(src/solvepnp) by extension 'ignore'
[0.215s] Level 1:colcon.colcon_core.package_identification:_identify(src/solvepnp) by extension 'ignore_ament_install'
[0.215s] Level 1:colcon.colcon_core.package_identification:_identify(src/solvepnp) by extensions ['colcon_pkg']
[0.215s] Level 1:colcon.colcon_core.package_identification:_identify(src/solvepnp) by extension 'colcon_pkg'
[0.215s] Level 1:colcon.colcon_core.package_identification:_identify(src/solvepnp) by extensions ['colcon_meta']
[0.215s] Level 1:colcon.colcon_core.package_identification:_identify(src/solvepnp) by extension 'colcon_meta'
[0.215s] Level 1:colcon.colcon_core.package_identification:_identify(src/solvepnp) by extensions ['ros']
[0.215s] Level 1:colcon.colcon_core.package_identification:_identify(src/solvepnp) by extension 'ros'
[0.216s] DEBUG:colcon.colcon_core.package_identification:Package 'src/solvepnp' with type 'ros.ament_cmake' and name 'solvepnp'
[0.216s] Level 1:colcon.colcon_core.package_discovery:discover_packages(recursive) using defaults
[0.216s] Level 1:colcon.colcon_core.package_discovery:discover_packages(ignore) discover
[0.216s] Level 1:colcon.colcon_core.package_discovery:discover_packages(ignore) using defaults
[0.216s] Level 1:colcon.colcon_core.package_discovery:discover_packages(path) discover
[0.216s] Level 1:colcon.colcon_core.package_discovery:discover_packages(path) using defaults
[0.231s] Level 1:colcon.colcon_core.package_discovery:discover_packages(prefix_path) check parameters
[0.231s] Level 1:colcon.colcon_core.package_discovery:discover_packages(prefix_path) discover
[0.232s] DEBUG:colcon.colcon_installed_package_information.package_discovery:Found 289 installed packages in /opt/ros/humble
[0.234s] Level 1:colcon.colcon_core.package_discovery:discover_packages(prefix_path) using defaults
[0.260s] Level 5:colcon.colcon_core.verb:set package 'camera_para_get' build argument 'cmake_args' from command line to 'None'
[0.260s] Level 5:colcon.colcon_core.verb:set package 'camera_para_get' build argument 'cmake_target' from command line to 'None'
[0.260s] Level 5:colcon.colcon_core.verb:set package 'camera_para_get' build argument 'cmake_target_skip_unavailable' from command line to 'False'
[0.260s] Level 5:colcon.colcon_core.verb:set package 'camera_para_get' build argument 'cmake_clean_cache' from command line to 'False'
[0.260s] Level 5:colcon.colcon_core.verb:set package 'camera_para_get' build argument 'cmake_clean_first' from command line to 'False'
[0.260s] Level 5:colcon.colcon_core.verb:set package 'camera_para_get' build argument 'cmake_force_configure' from command line to 'False'
[0.260s] Level 5:colcon.colcon_core.verb:set package 'camera_para_get' build argument 'ament_cmake_args' from command line to 'None'
[0.260s] Level 5:colcon.colcon_core.verb:set package 'camera_para_get' build argument 'catkin_cmake_args' from command line to 'None'
[0.260s] Level 5:colcon.colcon_core.verb:set package 'camera_para_get' build argument 'catkin_skip_building_tests' from command line to 'False'
[0.260s] DEBUG:colcon.colcon_core.verb:Building package 'camera_para_get' with the following arguments: {'ament_cmake_args': None, 'build_base': '/home/ypq/final_ws/build/camera_para_get', 'catkin_cmake_args': None, 'catkin_skip_building_tests': False, 'cmake_args': None, 'cmake_clean_cache': False, 'cmake_clean_first': False, 'cmake_force_configure': False, 'cmake_target': None, 'cmake_target_skip_unavailable': False, 'install_base': '/home/ypq/final_ws/install/camera_para_get', 'merge_install': False, 'path': '/home/ypq/final_ws/src/camera_para_get', 'symlink_install': True, 'test_result_base': None}
[0.260s] Level 5:colcon.colcon_core.verb:set package 'my_launch' build argument 'cmake_args' from command line to 'None'
[0.260s] Level 5:colcon.colcon_core.verb:set package 'my_launch' build argument 'cmake_target' from command line to 'None'
[0.260s] Level 5:colcon.colcon_core.verb:set package 'my_launch' build argument 'cmake_target_skip_unavailable' from command line to 'False'
[0.260s] Level 5:colcon.colcon_core.verb:set package 'my_launch' build argument 'cmake_clean_cache' from command line to 'False'
[0.260s] Level 5:colcon.colcon_core.verb:set package 'my_launch' build argument 'cmake_clean_first' from command line to 'False'
[0.260s] Level 5:colcon.colcon_core.verb:set package 'my_launch' build argument 'cmake_force_configure' from command line to 'False'
[0.260s] Level 5:colcon.colcon_core.verb:set package 'my_launch' build argument 'ament_cmake_args' from command line to 'None'
[0.260s] Level 5:colcon.colcon_core.verb:set package 'my_launch' build argument 'catkin_cmake_args' from command line to 'None'
[0.260s] Level 5:colcon.colcon_core.verb:set package 'my_launch' build argument 'catkin_skip_building_tests' from command line to 'False'
[0.260s] DEBUG:colcon.colcon_core.verb:Building package 'my_launch' with the following arguments: {'ament_cmake_args': None, 'build_base': '/home/ypq/final_ws/build/my_launch', 'catkin_cmake_args': None, 'catkin_skip_building_tests': False, 'cmake_args': None, 'cmake_clean_cache': False, 'cmake_clean_first': False, 'cmake_force_configure': False, 'cmake_target': None, 'cmake_target_skip_unavailable': False, 'install_base': '/home/ypq/final_ws/install/my_launch', 'merge_install': False, 'path': '/home/ypq/final_ws/src/my_launch', 'symlink_install': True, 'test_result_base': None}
[0.261s] Level 5:colcon.colcon_core.verb:set package 'solvepnp' build argument 'cmake_args' from command line to 'None'
[0.261s] Level 5:colcon.colcon_core.verb:set package 'solvepnp' build argument 'cmake_target' from command line to 'None'
[0.261s] Level 5:colcon.colcon_core.verb:set package 'solvepnp' build argument 'cmake_target_skip_unavailable' from command line to 'False'
[0.261s] Level 5:colcon.colcon_core.verb:set package 'solvepnp' build argument 'cmake_clean_cache' from command line to 'False'
[0.261s] Level 5:colcon.colcon_core.verb:set package 'solvepnp' build argument 'cmake_clean_first' from command line to 'False'
[0.261s] Level 5:colcon.colcon_core.verb:set package 'solvepnp' build argument 'cmake_force_configure' from command line to 'False'
[0.261s] Level 5:colcon.colcon_core.verb:set package 'solvepnp' build argument 'ament_cmake_args' from command line to 'None'
[0.261s] Level 5:colcon.colcon_core.verb:set package 'solvepnp' build argument 'catkin_cmake_args' from command line to 'None'
[0.261s] Level 5:colcon.colcon_core.verb:set package 'solvepnp' build argument 'catkin_skip_building_tests' from command line to 'False'
[0.261s] DEBUG:colcon.colcon_core.verb:Building package 'solvepnp' with the following arguments: {'ament_cmake_args': None, 'build_base': '/home/ypq/final_ws/build/solvepnp', 'catkin_cmake_args': None, 'catkin_skip_building_tests': False, 'cmake_args': None, 'cmake_clean_cache': False, 'cmake_clean_first': False, 'cmake_force_configure': False, 'cmake_target': None, 'cmake_target_skip_unavailable': False, 'install_base': '/home/ypq/final_ws/install/solvepnp', 'merge_install': False, 'path': '/home/ypq/final_ws/src/solvepnp', 'symlink_install': True, 'test_result_base': None}
[0.261s] INFO:colcon.colcon_core.executor:Executing jobs using 'parallel' executor
[0.262s] DEBUG:colcon.colcon_parallel_executor.executor.parallel:run_until_complete
[0.262s] INFO:colcon.colcon_ros.task.ament_cmake.build:Building ROS package in '/home/ypq/final_ws/src/camera_para_get' with build type 'ament_cmake'
[0.262s] INFO:colcon.colcon_cmake.task.cmake.build:Building CMake package in '/home/ypq/final_ws/src/camera_para_get'
[0.263s] INFO:colcon.colcon_core.plugin_system:Skipping extension 'colcon_core.shell.bat': Not used on non-Windows systems
[0.263s] INFO:colcon.colcon_core.shell:Skip shell extension 'powershell' for command environment: Not usable outside of PowerShell
[0.263s] DEBUG:colcon.colcon_core.shell:Skip shell extension 'dsv' for command environment
[0.265s] INFO:colcon.colcon_ros.task.ament_cmake.build:Building ROS package in '/home/ypq/final_ws/src/my_launch' with build type 'ament_cmake'
[0.265s] INFO:colcon.colcon_cmake.task.cmake.build:Building CMake package in '/home/ypq/final_ws/src/my_launch'
[0.265s] INFO:colcon.colcon_core.shell:Skip shell extension 'powershell' for command environment: Not usable outside of PowerShell
[0.266s] DEBUG:colcon.colcon_core.shell:Skip shell extension 'dsv' for command environment
[0.267s] INFO:colcon.colcon_ros.task.ament_cmake.build:Building ROS package in '/home/ypq/final_ws/src/solvepnp' with build type 'ament_cmake'
[0.267s] INFO:colcon.colcon_cmake.task.cmake.build:Building CMake package in '/home/ypq/final_ws/src/solvepnp'
[0.267s] INFO:colcon.colcon_core.shell:Skip shell extension 'powershell' for command environment: Not usable outside of PowerShell
[0.267s] DEBUG:colcon.colcon_core.shell:Skip shell extension 'dsv' for command environment
[0.272s] DEBUG:colcon.colcon_core.event_handler.log_command:Invoking command in '/home/ypq/final_ws/build/camera_para_get': CMAKE_PREFIX_PATH=/opt/ros/humble /usr/bin/cmake /home/ypq/final_ws/src/camera_para_get -DAMENT_CMAKE_SYMLINK_INSTALL=1 -DCMAKE_INSTALL_PREFIX=/home/ypq/final_ws/install/camera_para_get
[0.276s] DEBUG:colcon.colcon_core.event_handler.log_command:Invoking command in '/home/ypq/final_ws/build/my_launch': CMAKE_PREFIX_PATH=/opt/ros/humble /usr/bin/cmake /home/ypq/final_ws/src/my_launch -DAMENT_CMAKE_SYMLINK_INSTALL=1 -DCMAKE_INSTALL_PREFIX=/home/ypq/final_ws/install/my_launch
[0.277s] DEBUG:colcon.colcon_core.event_handler.log_command:Invoking command in '/home/ypq/final_ws/build/solvepnp': CMAKE_PREFIX_PATH=/opt/ros/humble /usr/bin/cmake /home/ypq/final_ws/src/solvepnp -DAMENT_CMAKE_SYMLINK_INSTALL=1 -DCMAKE_INSTALL_PREFIX=/home/ypq/final_ws/install/solvepnp
[0.438s] DEBUG:colcon.colcon_core.event_handler.log_command:Invoked command in '/home/ypq/final_ws/build/my_launch' returned '0': CMAKE_PREFIX_PATH=/opt/ros/humble /usr/bin/cmake /home/ypq/final_ws/src/my_launch -DAMENT_CMAKE_SYMLINK_INSTALL=1 -DCMAKE_INSTALL_PREFIX=/home/ypq/final_ws/install/my_launch
[0.440s] DEBUG:colcon.colcon_core.event_handler.log_command:Invoking command in '/home/ypq/final_ws/build/my_launch': CMAKE_PREFIX_PATH=/opt/ros/humble /usr/bin/cmake --build /home/ypq/final_ws/build/my_launch -- -j24 -l24
[0.467s] DEBUG:colcon.colcon_core.event_handler.log_command:Invoked command in '/home/ypq/final_ws/build/my_launch' returned '0': CMAKE_PREFIX_PATH=/opt/ros/humble /usr/bin/cmake --build /home/ypq/final_ws/build/my_launch -- -j24 -l24
[0.478s] DEBUG:colcon.colcon_core.event_handler.log_command:Invoking command in '/home/ypq/final_ws/build/my_launch': CMAKE_PREFIX_PATH=/opt/ros/humble /usr/bin/cmake --install /home/ypq/final_ws/build/my_launch
[0.599s] Level 1:colcon.colcon_core.environment:create_environment_scripts_only(my_launch)
[0.600s] DEBUG:colcon.colcon_core.event_handler.log_command:Invoked command in '/home/ypq/final_ws/build/my_launch' returned '0': CMAKE_PREFIX_PATH=/opt/ros/humble /usr/bin/cmake --install /home/ypq/final_ws/build/my_launch
[0.603s] Level 1:colcon.colcon_core.environment:checking '/home/ypq/final_ws/install/my_launch' for CMake module files
[0.603s] Level 1:colcon.colcon_core.environment:checking '/home/ypq/final_ws/install/my_launch' for CMake config files
[0.603s] Level 1:colcon.colcon_core.shell:create_environment_hook('my_launch', 'cmake_prefix_path')
[0.604s] INFO:colcon.colcon_core.shell:Creating environment hook '/home/ypq/final_ws/install/my_launch/share/my_launch/hook/cmake_prefix_path.ps1'
[0.604s] INFO:colcon.colcon_core.shell:Creating environment descriptor '/home/ypq/final_ws/install/my_launch/share/my_launch/hook/cmake_prefix_path.dsv'
[0.605s] INFO:colcon.colcon_core.shell:Creating environment hook '/home/ypq/final_ws/install/my_launch/share/my_launch/hook/cmake_prefix_path.sh'
[0.605s] Level 1:colcon.colcon_core.environment:checking '/home/ypq/final_ws/install/my_launch/bin'
[0.605s] Level 1:colcon.colcon_core.environment:checking '/home/ypq/final_ws/install/my_launch/lib/pkgconfig/my_launch.pc'
[0.605s] Level 1:colcon.colcon_core.environment:checking '/home/ypq/final_ws/install/my_launch/lib/python3.10/site-packages'
[0.606s] Level 1:colcon.colcon_core.environment:checking '/home/ypq/final_ws/install/my_launch/bin'
[0.606s] INFO:colcon.colcon_core.shell:Creating package script '/home/ypq/final_ws/install/my_launch/share/my_launch/package.ps1'
[0.606s] INFO:colcon.colcon_core.shell:Creating package descriptor '/home/ypq/final_ws/install/my_launch/share/my_launch/package.dsv'
[0.607s] INFO:colcon.colcon_core.shell:Creating package script '/home/ypq/final_ws/install/my_launch/share/my_launch/package.sh'
[0.607s] INFO:colcon.colcon_core.shell:Creating package script '/home/ypq/final_ws/install/my_launch/share/my_launch/package.bash'
[0.607s] INFO:colcon.colcon_core.shell:Creating package script '/home/ypq/final_ws/install/my_launch/share/my_launch/package.zsh'
[0.608s] Level 1:colcon.colcon_core.environment:create_file_with_runtime_dependencies(/home/ypq/final_ws/install/my_launch/share/colcon-core/packages/my_launch)
[0.608s] Level 1:colcon.colcon_core.environment:create_environment_scripts_only(my_launch)
[0.609s] Level 1:colcon.colcon_core.environment:checking '/home/ypq/final_ws/install/my_launch' for CMake module files
[0.609s] Level 1:colcon.colcon_core.environment:checking '/home/ypq/final_ws/install/my_launch' for CMake config files
[0.609s] Level 1:colcon.colcon_core.shell:create_environment_hook('my_launch', 'cmake_prefix_path')
[0.609s] INFO:colcon.colcon_core.shell:Creating environment hook '/home/ypq/final_ws/install/my_launch/share/my_launch/hook/cmake_prefix_path.ps1'
[0.609s] INFO:colcon.colcon_core.shell:Creating environment descriptor '/home/ypq/final_ws/install/my_launch/share/my_launch/hook/cmake_prefix_path.dsv'
[0.609s] INFO:colcon.colcon_core.shell:Creating environment hook '/home/ypq/final_ws/install/my_launch/share/my_launch/hook/cmake_prefix_path.sh'
[0.610s] Level 1:colcon.colcon_core.environment:checking '/home/ypq/final_ws/install/my_launch/bin'
[0.610s] Level 1:colcon.colcon_core.environment:checking '/home/ypq/final_ws/install/my_launch/lib/pkgconfig/my_launch.pc'
[0.610s] Level 1:colcon.colcon_core.environment:checking '/home/ypq/final_ws/install/my_launch/lib/python3.10/site-packages'
[0.610s] Level 1:colcon.colcon_core.environment:checking '/home/ypq/final_ws/install/my_launch/bin'
[0.610s] INFO:colcon.colcon_core.shell:Creating package script '/home/ypq/final_ws/install/my_launch/share/my_launch/package.ps1'
[0.610s] INFO:colcon.colcon_core.shell:Creating package descriptor '/home/ypq/final_ws/install/my_launch/share/my_launch/package.dsv'
[0.611s] INFO:colcon.colcon_core.shell:Creating package script '/home/ypq/final_ws/install/my_launch/share/my_launch/package.sh'
[0.611s] INFO:colcon.colcon_core.shell:Creating package script '/home/ypq/final_ws/install/my_launch/share/my_launch/package.bash'
[0.611s] INFO:colcon.colcon_core.shell:Creating package script '/home/ypq/final_ws/install/my_launch/share/my_launch/package.zsh'
[0.611s] Level 1:colcon.colcon_core.environment:create_file_with_runtime_dependencies(/home/ypq/final_ws/install/my_launch/share/colcon-core/packages/my_launch)
[0.660s] DEBUG:colcon.colcon_core.event_handler.log_command:Invoked command in '/home/ypq/final_ws/build/camera_para_get' returned '0': CMAKE_PREFIX_PATH=/opt/ros/humble /usr/bin/cmake /home/ypq/final_ws/src/camera_para_get -DAMENT_CMAKE_SYMLINK_INSTALL=1 -DCMAKE_INSTALL_PREFIX=/home/ypq/final_ws/install/camera_para_get
[0.662s] DEBUG:colcon.colcon_core.event_handler.log_command:Invoking command in '/home/ypq/final_ws/build/camera_para_get': CMAKE_PREFIX_PATH=/opt/ros/humble /usr/bin/cmake --build /home/ypq/final_ws/build/camera_para_get -- -j24 -l24
[0.664s] DEBUG:colcon.colcon_core.event_handler.log_command:Invoked command in '/home/ypq/final_ws/build/solvepnp' returned '0': CMAKE_PREFIX_PATH=/opt/ros/humble /usr/bin/cmake /home/ypq/final_ws/src/solvepnp -DAMENT_CMAKE_SYMLINK_INSTALL=1 -DCMAKE_INSTALL_PREFIX=/home/ypq/final_ws/install/solvepnp
[0.665s] DEBUG:colcon.colcon_core.event_handler.log_command:Invoking command in '/home/ypq/final_ws/build/solvepnp': CMAKE_PREFIX_PATH=/opt/ros/humble /usr/bin/cmake --build /home/ypq/final_ws/build/solvepnp -- -j24 -l24
[0.883s] DEBUG:colcon.colcon_core.event_handler.log_command:Invoked command in '/home/ypq/final_ws/build/camera_para_get' returned '0': CMAKE_PREFIX_PATH=/opt/ros/humble /usr/bin/cmake --build /home/ypq/final_ws/build/camera_para_get -- -j24 -l24
[0.884s] DEBUG:colcon.colcon_core.event_handler.log_command:Invoking command in '/home/ypq/final_ws/build/camera_para_get': CMAKE_PREFIX_PATH=/opt/ros/humble /usr/bin/cmake --install /home/ypq/final_ws/build/camera_para_get
[1.001s] Level 1:colcon.colcon_core.environment:create_environment_scripts_only(camera_para_get)
[1.002s] Level 1:colcon.colcon_core.environment:checking '/home/ypq/final_ws/install/camera_para_get' for CMake module files
[1.002s] DEBUG:colcon.colcon_core.event_handler.log_command:Invoked command in '/home/ypq/final_ws/build/camera_para_get' returned '0': CMAKE_PREFIX_PATH=/opt/ros/humble /usr/bin/cmake --install /home/ypq/final_ws/build/camera_para_get
[1.003s] Level 1:colcon.colcon_core.environment:checking '/home/ypq/final_ws/install/camera_para_get' for CMake config files
[1.003s] Level 1:colcon.colcon_core.shell:create_environment_hook('camera_para_get', 'cmake_prefix_path')
[1.003s] INFO:colcon.colcon_core.shell:Creating environment hook '/home/ypq/final_ws/install/camera_para_get/share/camera_para_get/hook/cmake_prefix_path.ps1'
[1.004s] INFO:colcon.colcon_core.shell:Creating environment descriptor '/home/ypq/final_ws/install/camera_para_get/share/camera_para_get/hook/cmake_prefix_path.dsv'
[1.004s] INFO:colcon.colcon_core.shell:Creating environment hook '/home/ypq/final_ws/install/camera_para_get/share/camera_para_get/hook/cmake_prefix_path.sh'
[1.005s] Level 1:colcon.colcon_core.environment:checking '/home/ypq/final_ws/install/camera_para_get/lib'
[1.005s] Level 1:colcon.colcon_core.environment:checking '/home/ypq/final_ws/install/camera_para_get/bin'
[1.005s] Level 1:colcon.colcon_core.environment:checking '/home/ypq/final_ws/install/camera_para_get/lib/pkgconfig/camera_para_get.pc'
[1.005s] Level 1:colcon.colcon_core.environment:checking '/home/ypq/final_ws/install/camera_para_get/lib/python3.10/site-packages'
[1.005s] Level 1:colcon.colcon_core.environment:checking '/home/ypq/final_ws/install/camera_para_get/bin'
[1.005s] INFO:colcon.colcon_core.shell:Creating package script '/home/ypq/final_ws/install/camera_para_get/share/camera_para_get/package.ps1'
[1.006s] INFO:colcon.colcon_core.shell:Creating package descriptor '/home/ypq/final_ws/install/camera_para_get/share/camera_para_get/package.dsv'
[1.006s] INFO:colcon.colcon_core.shell:Creating package script '/home/ypq/final_ws/install/camera_para_get/share/camera_para_get/package.sh'
[1.006s] INFO:colcon.colcon_core.shell:Creating package script '/home/ypq/final_ws/install/camera_para_get/share/camera_para_get/package.bash'
[1.006s] INFO:colcon.colcon_core.shell:Creating package script '/home/ypq/final_ws/install/camera_para_get/share/camera_para_get/package.zsh'
[1.007s] Level 1:colcon.colcon_core.environment:create_file_with_runtime_dependencies(/home/ypq/final_ws/install/camera_para_get/share/colcon-core/packages/camera_para_get)
[1.007s] Level 1:colcon.colcon_core.environment:create_environment_scripts_only(camera_para_get)
[1.007s] Level 1:colcon.colcon_core.environment:checking '/home/ypq/final_ws/install/camera_para_get' for CMake module files
[1.007s] Level 1:colcon.colcon_core.environment:checking '/home/ypq/final_ws/install/camera_para_get' for CMake config files
[1.008s] Level 1:colcon.colcon_core.shell:create_environment_hook('camera_para_get', 'cmake_prefix_path')
[1.008s] INFO:colcon.colcon_core.shell:Creating environment hook '/home/ypq/final_ws/install/camera_para_get/share/camera_para_get/hook/cmake_prefix_path.ps1'
[1.008s] INFO:colcon.colcon_core.shell:Creating environment descriptor '/home/ypq/final_ws/install/camera_para_get/share/camera_para_get/hook/cmake_prefix_path.dsv'
[1.008s] INFO:colcon.colcon_core.shell:Creating environment hook '/home/ypq/final_ws/install/camera_para_get/share/camera_para_get/hook/cmake_prefix_path.sh'
[1.009s] Level 1:colcon.colcon_core.environment:checking '/home/ypq/final_ws/install/camera_para_get/lib'
[1.009s] Level 1:colcon.colcon_core.environment:checking '/home/ypq/final_ws/install/camera_para_get/bin'
[1.009s] Level 1:colcon.colcon_core.environment:checking '/home/ypq/final_ws/install/camera_para_get/lib/pkgconfig/camera_para_get.pc'
[1.009s] Level 1:colcon.colcon_core.environment:checking '/home/ypq/final_ws/install/camera_para_get/lib/python3.10/site-packages'
[1.009s] Level 1:colcon.colcon_core.environment:checking '/home/ypq/final_ws/install/camera_para_get/bin'
[1.009s] INFO:colcon.colcon_core.shell:Creating package script '/home/ypq/final_ws/install/camera_para_get/share/camera_para_get/package.ps1'
[1.009s] INFO:colcon.colcon_core.shell:Creating package descriptor '/home/ypq/final_ws/install/camera_para_get/share/camera_para_get/package.dsv'
[1.010s] INFO:colcon.colcon_core.shell:Creating package script '/home/ypq/final_ws/install/camera_para_get/share/camera_para_get/package.sh'
[1.010s] INFO:colcon.colcon_core.shell:Creating package script '/home/ypq/final_ws/install/camera_para_get/share/camera_para_get/package.bash'
[1.010s] INFO:colcon.colcon_core.shell:Creating package script '/home/ypq/final_ws/install/camera_para_get/share/camera_para_get/package.zsh'
[1.011s] Level 1:colcon.colcon_core.environment:create_file_with_runtime_dependencies(/home/ypq/final_ws/install/camera_para_get/share/colcon-core/packages/camera_para_get)
[1.103s] DEBUG:colcon.colcon_core.event_handler.log_command:Invoked command in '/home/ypq/final_ws/build/solvepnp' returned '0': CMAKE_PREFIX_PATH=/opt/ros/humble /usr/bin/cmake --build /home/ypq/final_ws/build/solvepnp -- -j24 -l24
[1.104s] DEBUG:colcon.colcon_core.event_handler.log_command:Invoking command in '/home/ypq/final_ws/build/solvepnp': CMAKE_PREFIX_PATH=/opt/ros/humble /usr/bin/cmake --install /home/ypq/final_ws/build/solvepnp
[1.273s] Level 1:colcon.colcon_core.environment:create_environment_scripts_only(solvepnp)
[1.273s] Level 1:colcon.colcon_core.environment:checking '/home/ypq/final_ws/install/solvepnp' for CMake module files
[1.274s] DEBUG:colcon.colcon_core.event_handler.log_command:Invoked command in '/home/ypq/final_ws/build/solvepnp' returned '0': CMAKE_PREFIX_PATH=/opt/ros/humble /usr/bin/cmake --install /home/ypq/final_ws/build/solvepnp
[1.275s] Level 1:colcon.colcon_core.environment:checking '/home/ypq/final_ws/install/solvepnp' for CMake config files
[1.275s] Level 1:colcon.colcon_core.shell:create_environment_hook('solvepnp', 'cmake_prefix_path')
[1.275s] INFO:colcon.colcon_core.shell:Creating environment hook '/home/ypq/final_ws/install/solvepnp/share/solvepnp/hook/cmake_prefix_path.ps1'
[1.276s] INFO:colcon.colcon_core.shell:Creating environment descriptor '/home/ypq/final_ws/install/solvepnp/share/solvepnp/hook/cmake_prefix_path.dsv'
[1.276s] INFO:colcon.colcon_core.shell:Creating environment hook '/home/ypq/final_ws/install/solvepnp/share/solvepnp/hook/cmake_prefix_path.sh'
[1.277s] Level 1:colcon.colcon_core.environment:checking '/home/ypq/final_ws/install/solvepnp/lib'
[1.277s] Level 1:colcon.colcon_core.environment:checking '/home/ypq/final_ws/install/solvepnp/bin'
[1.277s] Level 1:colcon.colcon_core.environment:checking '/home/ypq/final_ws/install/solvepnp/lib/pkgconfig/solvepnp.pc'
[1.277s] Level 1:colcon.colcon_core.environment:checking '/home/ypq/final_ws/install/solvepnp/lib/python3.10/site-packages'
[1.278s] Level 1:colcon.colcon_core.environment:checking '/home/ypq/final_ws/install/solvepnp/bin'
[1.278s] INFO:colcon.colcon_core.shell:Creating package script '/home/ypq/final_ws/install/solvepnp/share/solvepnp/package.ps1'
[1.278s] INFO:colcon.colcon_core.shell:Creating package descriptor '/home/ypq/final_ws/install/solvepnp/share/solvepnp/package.dsv'
[1.279s] INFO:colcon.colcon_core.shell:Creating package script '/home/ypq/final_ws/install/solvepnp/share/solvepnp/package.sh'
[1.279s] INFO:colcon.colcon_core.shell:Creating package script '/home/ypq/final_ws/install/solvepnp/share/solvepnp/package.bash'
[1.280s] INFO:colcon.colcon_core.shell:Creating package script '/home/ypq/final_ws/install/solvepnp/share/solvepnp/package.zsh'
[1.280s] Level 1:colcon.colcon_core.environment:create_file_with_runtime_dependencies(/home/ypq/final_ws/install/solvepnp/share/colcon-core/packages/solvepnp)
[1.281s] Level 1:colcon.colcon_core.environment:create_environment_scripts_only(solvepnp)
[1.281s] Level 1:colcon.colcon_core.environment:checking '/home/ypq/final_ws/install/solvepnp' for CMake module files
[1.282s] Level 1:colcon.colcon_core.environment:checking '/home/ypq/final_ws/install/solvepnp' for CMake config files
[1.282s] Level 1:colcon.colcon_core.shell:create_environment_hook('solvepnp', 'cmake_prefix_path')
[1.282s] INFO:colcon.colcon_core.shell:Creating environment hook '/home/ypq/final_ws/install/solvepnp/share/solvepnp/hook/cmake_prefix_path.ps1'
[1.283s] INFO:colcon.colcon_core.shell:Creating environment descriptor '/home/ypq/final_ws/install/solvepnp/share/solvepnp/hook/cmake_prefix_path.dsv'
[1.283s] INFO:colcon.colcon_core.shell:Creating environment hook '/home/ypq/final_ws/install/solvepnp/share/solvepnp/hook/cmake_prefix_path.sh'
[1.284s] Level 1:colcon.colcon_core.environment:checking '/home/ypq/final_ws/install/solvepnp/lib'
[1.284s] Level 1:colcon.colcon_core.environment:checking '/home/ypq/final_ws/install/solvepnp/bin'
[1.284s] Level 1:colcon.colcon_core.environment:checking '/home/ypq/final_ws/install/solvepnp/lib/pkgconfig/solvepnp.pc'
[1.285s] Level 1:colcon.colcon_core.environment:checking '/home/ypq/final_ws/install/solvepnp/lib/python3.10/site-packages'
[1.285s] Level 1:colcon.colcon_core.environment:checking '/home/ypq/final_ws/install/solvepnp/bin'
[1.285s] INFO:colcon.colcon_core.shell:Creating package script '/home/ypq/final_ws/install/solvepnp/share/solvepnp/package.ps1'
[1.286s] INFO:colcon.colcon_core.shell:Creating package descriptor '/home/ypq/final_ws/install/solvepnp/share/solvepnp/package.dsv'
[1.286s] INFO:colcon.colcon_core.shell:Creating package script '/home/ypq/final_ws/install/solvepnp/share/solvepnp/package.sh'
[1.287s] INFO:colcon.colcon_core.shell:Creating package script '/home/ypq/final_ws/install/solvepnp/share/solvepnp/package.bash'
[1.287s] INFO:colcon.colcon_core.shell:Creating package script '/home/ypq/final_ws/install/solvepnp/share/solvepnp/package.zsh'
[1.288s] Level 1:colcon.colcon_core.environment:create_file_with_runtime_dependencies(/home/ypq/final_ws/install/solvepnp/share/colcon-core/packages/solvepnp)
[1.288s] DEBUG:colcon.colcon_parallel_executor.executor.parallel:closing loop
[1.288s] DEBUG:colcon.colcon_parallel_executor.executor.parallel:loop closed
[1.289s] DEBUG:colcon.colcon_parallel_executor.executor.parallel:run_until_complete finished with '0'
[1.289s] DEBUG:colcon.colcon_core.event_reactor:joining thread
[1.294s] INFO:colcon.colcon_core.plugin_system:Skipping extension 'colcon_notification.desktop_notification.terminal_notifier': Not used on non-Darwin systems
[1.294s] INFO:colcon.colcon_core.plugin_system:Skipping extension 'colcon_notification.desktop_notification.win32': Not used on non-Windows systems
[1.294s] INFO:colcon.colcon_notification.desktop_notification:Sending desktop notification using 'notify2'
[1.307s] DEBUG:colcon.colcon_core.event_reactor:joined thread
[1.308s] INFO:colcon.colcon_core.shell:Creating prefix script '/home/ypq/final_ws/install/local_setup.ps1'
[1.309s] INFO:colcon.colcon_core.shell:Creating prefix util module '/home/ypq/final_ws/install/_local_setup_util_ps1.py'
[1.310s] INFO:colcon.colcon_core.shell:Creating prefix chain script '/home/ypq/final_ws/install/setup.ps1'
[1.310s] INFO:colcon.colcon_core.shell:Creating prefix script '/home/ypq/final_ws/install/local_setup.sh'
[1.311s] INFO:colcon.colcon_core.shell:Creating prefix util module '/home/ypq/final_ws/install/_local_setup_util_sh.py'
[1.311s] INFO:colcon.colcon_core.shell:Creating prefix chain script '/home/ypq/final_ws/install/setup.sh'
[1.312s] INFO:colcon.colcon_core.shell:Creating prefix script '/home/ypq/final_ws/install/local_setup.bash'
[1.312s] INFO:colcon.colcon_core.shell:Creating prefix chain script '/home/ypq/final_ws/install/setup.bash'
[1.313s] INFO:colcon.colcon_core.shell:Creating prefix script '/home/ypq/final_ws/install/local_setup.zsh'
[1.314s] INFO:colcon.colcon_core.shell:Creating prefix chain script '/home/ypq/final_ws/install/setup.zsh'
