[0.010s] Invoking command in '/home/ypq/final_ws/build/my_launch': CMAKE_PREFIX_PATH=/opt/ros/humble /usr/bin/cmake /home/ypq/final_ws/src/my_launch -DAMENT_CMAKE_SYMLINK_INSTALL=1 -DCMAKE_INSTALL_PREFIX=/home/ypq/final_ws/install/my_launch
[0.019s] -- Found ament_cmake: 1.3.12 (/opt/ros/humble/share/ament_cmake/cmake)
[0.109s] -- Override CMake install command with custom implementation using symlinks instead of copying resources
[0.115s] -- Found ament_lint_auto: 0.12.14 (/opt/ros/humble/share/ament_lint_auto/cmake)
[0.165s] -- Added test 'flake8' to check Python code syntax and style conventions
[0.165s] -- Added test 'lint_cmake' to check CMake code style
[0.166s] -- Added test 'pep257' to check Python code against some of the docstring style conventions in PEP 257
[0.166s] -- Added test 'xmllint' to check XML markup files
[0.167s] -- Configuring done
[0.170s] -- Generating done
[0.170s] -- Build files have been written to: /home/ypq/final_ws/build/my_launch
[0.172s] Invoked command in '/home/ypq/final_ws/build/my_launch' returned '0': CMAKE_PREFIX_PATH=/opt/ros/humble /usr/bin/cmake /home/ypq/final_ws/src/my_launch -DAMENT_CMAKE_SYMLINK_INSTALL=1 -DCMAKE_INSTALL_PREFIX=/home/ypq/final_ws/install/my_launch
[0.174s] Invoking command in '/home/ypq/final_ws/build/my_launch': CMAKE_PREFIX_PATH=/opt/ros/humble /usr/bin/cmake --build /home/ypq/final_ws/build/my_launch -- -j24 -l24
[0.201s] Invoked command in '/home/ypq/final_ws/build/my_launch' returned '0': CMAKE_PREFIX_PATH=/opt/ros/humble /usr/bin/cmake --build /home/ypq/final_ws/build/my_launch -- -j24 -l24
[0.212s] Invoking command in '/home/ypq/final_ws/build/my_launch': CMAKE_PREFIX_PATH=/opt/ros/humble /usr/bin/cmake --install /home/ypq/final_ws/build/my_launch
[0.218s] -- Install configuration: ""
[0.218s] -- Execute custom install script
[0.218s] -- Symlinking: /home/ypq/final_ws/install/my_launch/share/my_launch/config/camera.yaml
[0.225s] -- Symlinking: /home/ypq/final_ws/install/my_launch/share/my_launch/config/kf_para.yaml
[0.233s] -- Symlinking: /home/ypq/final_ws/install/my_launch/share/my_launch/config/timer.yaml
[0.240s] -- Symlinking: /home/ypq/final_ws/install/my_launch/share/my_launch/launch/launch.py
[0.245s] -- Symlinking: /home/ypq/final_ws/install/my_launch/share/ament_index/resource_index/package_run_dependencies/my_launch
[0.251s] -- Symlinking: /home/ypq/final_ws/install/my_launch/share/ament_index/resource_index/parent_prefix_path/my_launch
[0.256s] -- Symlinking: /home/ypq/final_ws/install/my_launch/share/my_launch/environment/ament_prefix_path.sh
[0.261s] -- Symlinking: /home/ypq/final_ws/install/my_launch/share/my_launch/environment/ament_prefix_path.dsv
[0.267s] -- Symlinking: /home/ypq/final_ws/install/my_launch/share/my_launch/environment/path.sh
[0.272s] -- Symlinking: /home/ypq/final_ws/install/my_launch/share/my_launch/environment/path.dsv
[0.277s] -- Symlinking: /home/ypq/final_ws/install/my_launch/share/my_launch/local_setup.bash
[0.283s] -- Symlinking: /home/ypq/final_ws/install/my_launch/share/my_launch/local_setup.sh
[0.288s] -- Symlinking: /home/ypq/final_ws/install/my_launch/share/my_launch/local_setup.zsh
[0.294s] -- Symlinking: /home/ypq/final_ws/install/my_launch/share/my_launch/local_setup.dsv
[0.300s] -- Symlinking: /home/ypq/final_ws/install/my_launch/share/my_launch/package.dsv
[0.307s] -- Symlinking: /home/ypq/final_ws/install/my_launch/share/ament_index/resource_index/packages/my_launch
[0.312s] -- Symlinking: /home/ypq/final_ws/install/my_launch/share/my_launch/cmake/my_launchConfig.cmake
[0.319s] -- Symlinking: /home/ypq/final_ws/install/my_launch/share/my_launch/cmake/my_launchConfig-version.cmake
[0.326s] -- Symlinking: /home/ypq/final_ws/install/my_launch/share/my_launch/package.xml
[0.334s] Invoked command in '/home/ypq/final_ws/build/my_launch' returned '0': CMAKE_PREFIX_PATH=/opt/ros/humble /usr/bin/cmake --install /home/ypq/final_ws/build/my_launch
