[35m[1mConsolidate compiler generated dependencies of target camera_info_subscriber[0m
[ 50%] [32mBuilding CXX object CMakeFiles/camera_info_subscriber.dir/src/handle_sub_node.cpp.o[0m
[100%] [32m[1mLinking CXX executable camera_info_subscriber[0m
[100%] Built target camera_info_subscriber
-- Install configuration: ""
-- Installing: /home/ypq/final_ws/install/solvepnp/lib/solvepnp/camera_info_subscriber
-- Set runtime path of "/home/ypq/final_ws/install/solvepnp/lib/solvepnp/camera_info_subscriber" to ""
-- Up-to-date: /home/ypq/final_ws/install/solvepnp/share/ament_index/resource_index/package_run_dependencies/solvepnp
-- Up-to-date: /home/ypq/final_ws/install/solvepnp/share/ament_index/resource_index/parent_prefix_path/solvepnp
-- Up-to-date: /home/ypq/final_ws/install/solvepnp/share/solvepnp/environment/ament_prefix_path.sh
-- Up-to-date: /home/ypq/final_ws/install/solvepnp/share/solvepnp/environment/ament_prefix_path.dsv
-- Up-to-date: /home/ypq/final_ws/install/solvepnp/share/solvepnp/environment/path.sh
-- Up-to-date: /home/ypq/final_ws/install/solvepnp/share/solvepnp/environment/path.dsv
-- Up-to-date: /home/ypq/final_ws/install/solvepnp/share/solvepnp/local_setup.bash
-- Up-to-date: /home/ypq/final_ws/install/solvepnp/share/solvepnp/local_setup.sh
-- Up-to-date: /home/ypq/final_ws/install/solvepnp/share/solvepnp/local_setup.zsh
-- Up-to-date: /home/ypq/final_ws/install/solvepnp/share/solvepnp/local_setup.dsv
-- Installing: /home/ypq/final_ws/install/solvepnp/share/solvepnp/package.dsv
-- Up-to-date: /home/ypq/final_ws/install/solvepnp/share/ament_index/resource_index/packages/solvepnp
-- Up-to-date: /home/ypq/final_ws/install/solvepnp/share/solvepnp/cmake/solvepnpConfig.cmake
-- Up-to-date: /home/ypq/final_ws/install/solvepnp/share/solvepnp/cmake/solvepnpConfig-version.cmake
-- Up-to-date: /home/ypq/final_ws/install/solvepnp/share/solvepnp/package.xml
