[35m[1mConsolidate compiler generated dependencies of target camera_info_publisher[0m
[ 50%] [32mBuilding CXX object CMakeFiles/camera_info_publisher.dir/src/camera_tp_node.cpp.o[0m
[100%] [32m[1mLinking CXX executable camera_info_publisher[0m
[100%] Built target camera_info_publisher
-- Install configuration: ""
-- Installing: /home/ypq/final_ws/install/camera_para_get/lib/camera_para_get/camera_info_publisher
-- Set runtime path of "/home/ypq/final_ws/install/camera_para_get/lib/camera_para_get/camera_info_publisher" to ""
-- Up-to-date: /home/ypq/final_ws/install/camera_para_get/share/camera_para_get/config
-- Up-to-date: /home/ypq/final_ws/install/camera_para_get/share/camera_para_get/config/camera.yaml
-- Up-to-date: /home/ypq/final_ws/install/camera_para_get/share/ament_index/resource_index/package_run_dependencies/camera_para_get
-- Up-to-date: /home/ypq/final_ws/install/camera_para_get/share/ament_index/resource_index/parent_prefix_path/camera_para_get
-- Up-to-date: /home/ypq/final_ws/install/camera_para_get/share/camera_para_get/environment/ament_prefix_path.sh
-- Up-to-date: /home/ypq/final_ws/install/camera_para_get/share/camera_para_get/environment/ament_prefix_path.dsv
-- Up-to-date: /home/ypq/final_ws/install/camera_para_get/share/camera_para_get/environment/path.sh
-- Up-to-date: /home/ypq/final_ws/install/camera_para_get/share/camera_para_get/environment/path.dsv
-- Up-to-date: /home/ypq/final_ws/install/camera_para_get/share/camera_para_get/local_setup.bash
-- Up-to-date: /home/ypq/final_ws/install/camera_para_get/share/camera_para_get/local_setup.sh
-- Up-to-date: /home/ypq/final_ws/install/camera_para_get/share/camera_para_get/local_setup.zsh
-- Up-to-date: /home/ypq/final_ws/install/camera_para_get/share/camera_para_get/local_setup.dsv
-- Installing: /home/ypq/final_ws/install/camera_para_get/share/camera_para_get/package.dsv
-- Up-to-date: /home/ypq/final_ws/install/camera_para_get/share/ament_index/resource_index/packages/camera_para_get
-- Up-to-date: /home/ypq/final_ws/install/camera_para_get/share/camera_para_get/cmake/camera_para_getConfig.cmake
-- Up-to-date: /home/ypq/final_ws/install/camera_para_get/share/camera_para_get/cmake/camera_para_getConfig-version.cmake
-- Up-to-date: /home/ypq/final_ws/install/camera_para_get/share/camera_para_get/package.xml
