[0.011s] Invoking command in '/home/ypq/final_ws/build/camera_para_get': CMAKE_PREFIX_PATH=${CMAKE_PREFIX_PATH}:/opt/ros/humble /usr/bin/cmake --build /home/ypq/final_ws/build/camera_para_get -- -j24 -l24
[0.042s] [35m[1mConsolidate compiler generated dependencies of target camera_info_publisher[0m
[0.062s] [ 50%] [32mBuilding CXX object CMakeFiles/camera_info_publisher.dir/src/camera_tp_node.cpp.o[0m
[2.754s] [100%] [32m[1mLinking CXX executable camera_info_publisher[0m
[2.885s] [100%] Built target camera_info_publisher
[2.892s] Invoked command in '/home/ypq/final_ws/build/camera_para_get' returned '0': CMAKE_PREFIX_PATH=${CMAKE_PREFIX_PATH}:/opt/ros/humble /usr/bin/cmake --build /home/ypq/final_ws/build/camera_para_get -- -j24 -l24
[2.893s] Invoking command in '/home/ypq/final_ws/build/camera_para_get': CMAKE_PREFIX_PATH=${CMAKE_PREFIX_PATH}:/opt/ros/humble /usr/bin/cmake --install /home/ypq/final_ws/build/camera_para_get
[2.898s] -- Install configuration: ""
[2.898s] -- Installing: /home/ypq/final_ws/install/camera_para_get/lib/camera_para_get/camera_info_publisher
[2.899s] -- Set runtime path of "/home/ypq/final_ws/install/camera_para_get/lib/camera_para_get/camera_info_publisher" to ""
[2.899s] -- Up-to-date: /home/ypq/final_ws/install/camera_para_get/share/camera_para_get/config
[2.899s] -- Up-to-date: /home/ypq/final_ws/install/camera_para_get/share/camera_para_get/config/camera.yaml
[2.899s] -- Up-to-date: /home/ypq/final_ws/install/camera_para_get/share/ament_index/resource_index/package_run_dependencies/camera_para_get
[2.899s] -- Up-to-date: /home/ypq/final_ws/install/camera_para_get/share/ament_index/resource_index/parent_prefix_path/camera_para_get
[2.899s] -- Up-to-date: /home/ypq/final_ws/install/camera_para_get/share/camera_para_get/environment/ament_prefix_path.sh
[2.899s] -- Up-to-date: /home/ypq/final_ws/install/camera_para_get/share/camera_para_get/environment/ament_prefix_path.dsv
[2.900s] -- Up-to-date: /home/ypq/final_ws/install/camera_para_get/share/camera_para_get/environment/path.sh
[2.900s] -- Up-to-date: /home/ypq/final_ws/install/camera_para_get/share/camera_para_get/environment/path.dsv
[2.900s] -- Up-to-date: /home/ypq/final_ws/install/camera_para_get/share/camera_para_get/local_setup.bash
[2.900s] -- Up-to-date: /home/ypq/final_ws/install/camera_para_get/share/camera_para_get/local_setup.sh
[2.900s] -- Up-to-date: /home/ypq/final_ws/install/camera_para_get/share/camera_para_get/local_setup.zsh
[2.900s] -- Up-to-date: /home/ypq/final_ws/install/camera_para_get/share/camera_para_get/local_setup.dsv
[2.900s] -- Installing: /home/ypq/final_ws/install/camera_para_get/share/camera_para_get/package.dsv
[2.900s] -- Up-to-date: /home/ypq/final_ws/install/camera_para_get/share/ament_index/resource_index/packages/camera_para_get
[2.900s] -- Up-to-date: /home/ypq/final_ws/install/camera_para_get/share/camera_para_get/cmake/camera_para_getConfig.cmake
[2.900s] -- Up-to-date: /home/ypq/final_ws/install/camera_para_get/share/camera_para_get/cmake/camera_para_getConfig-version.cmake
[2.900s] -- Up-to-date: /home/ypq/final_ws/install/camera_para_get/share/camera_para_get/package.xml
[2.901s] Invoked command in '/home/ypq/final_ws/build/camera_para_get' returned '0': CMAKE_PREFIX_PATH=${CMAKE_PREFIX_PATH}:/opt/ros/humble /usr/bin/cmake --install /home/ypq/final_ws/build/camera_para_get
