[0.010s] Invoking command in '/home/ypq/final_ws/build/solvepnp': CMAKE_PREFIX_PATH=/opt/ros/humble /usr/bin/cmake /home/ypq/final_ws/src/solvepnp -DAMENT_CMAKE_SYMLINK_INSTALL=1 -DCMAKE_INSTALL_PREFIX=/home/ypq/final_ws/install/solvepnp
[0.021s] -- Found ament_cmake: 1.3.12 (/opt/ros/humble/share/ament_cmake/cmake)
[0.103s] -- Override CMake install command with custom implementation using symlinks instead of copying resources
[0.112s] -- Found rclcpp: 16.0.14 (/opt/ros/humble/share/rclcpp/cmake)
[0.136s] -- Found rosidl_generator_c: 3.1.7 (/opt/ros/humble/share/rosidl_generator_c/cmake)
[0.138s] -- Found rosidl_adapter: 3.1.7 (/opt/ros/humble/share/rosidl_adapter/cmake)
[0.143s] -- Found rosidl_generator_cpp: 3.1.7 (/opt/ros/humble/share/rosidl_generator_cpp/cmake)
[0.152s] -- Using all available rosidl_typesupport_c: rosidl_typesupport_fastrtps_c;rosidl_typesupport_introspection_c
[0.161s] -- Using all available rosidl_typesupport_cpp: rosidl_typesupport_fastrtps_cpp;rosidl_typesupport_introspection_cpp
[0.187s] -- Found rmw_implementation_cmake: 6.1.2 (/opt/ros/humble/share/rmw_implementation_cmake/cmake)
[0.188s] -- Found rmw_fastrtps_cpp: 6.2.8 (/opt/ros/humble/share/rmw_fastrtps_cpp/cmake)
[0.269s] -- Using RMW implementation 'rmw_fastrtps_cpp' as default
[0.314s] -- Found sensor_msgs: 4.9.0 (/opt/ros/humble/share/sensor_msgs/cmake)
[0.332s] -- Found ament_lint_auto: 0.12.14 (/opt/ros/humble/share/ament_lint_auto/cmake)
[0.378s] -- Added test 'cppcheck' to perform static code analysis on C / C++ code
[0.378s] -- Configured cppcheck include dirs: 
[0.378s] -- Configured cppcheck exclude dirs and/or files: 
[0.379s] -- Added test 'lint_cmake' to check CMake code style
[0.379s] -- Added test 'uncrustify' to check C / C++ code style
[0.379s] -- Configured uncrustify additional arguments: 
[0.379s] -- Added test 'xmllint' to check XML markup files
[0.380s] -- Configuring done
[0.388s] -- Generating done
[0.391s] -- Build files have been written to: /home/ypq/final_ws/build/solvepnp
[0.396s] Invoked command in '/home/ypq/final_ws/build/solvepnp' returned '0': CMAKE_PREFIX_PATH=/opt/ros/humble /usr/bin/cmake /home/ypq/final_ws/src/solvepnp -DAMENT_CMAKE_SYMLINK_INSTALL=1 -DCMAKE_INSTALL_PREFIX=/home/ypq/final_ws/install/solvepnp
[0.397s] Invoking command in '/home/ypq/final_ws/build/solvepnp': CMAKE_PREFIX_PATH=/opt/ros/humble /usr/bin/cmake --build /home/ypq/final_ws/build/solvepnp -- -j24 -l24
[0.430s] [35m[1mConsolidate compiler generated dependencies of target camera_info_subscriber[0m
[0.454s] [ 50%] [32m[1mLinking CXX executable camera_info_subscriber[0m
[0.826s] [100%] Built target camera_info_subscriber
[0.835s] Invoked command in '/home/ypq/final_ws/build/solvepnp' returned '0': CMAKE_PREFIX_PATH=/opt/ros/humble /usr/bin/cmake --build /home/ypq/final_ws/build/solvepnp -- -j24 -l24
[0.836s] Invoking command in '/home/ypq/final_ws/build/solvepnp': CMAKE_PREFIX_PATH=/opt/ros/humble /usr/bin/cmake --install /home/ypq/final_ws/build/solvepnp
[0.846s] -- Install configuration: ""
[0.847s] -- Execute custom install script
[0.847s] -- Symlinking: /home/ypq/final_ws/install/solvepnp/lib/solvepnp/camera_info_subscriber
[0.857s] -- Symlinking: /home/ypq/final_ws/install/solvepnp/share/ament_index/resource_index/package_run_dependencies/solvepnp
[0.868s] -- Symlinking: /home/ypq/final_ws/install/solvepnp/share/ament_index/resource_index/parent_prefix_path/solvepnp
[0.882s] -- Symlinking: /home/ypq/final_ws/install/solvepnp/share/solvepnp/environment/ament_prefix_path.sh
[0.892s] -- Symlinking: /home/ypq/final_ws/install/solvepnp/share/solvepnp/environment/ament_prefix_path.dsv
[0.899s] -- Symlinking: /home/ypq/final_ws/install/solvepnp/share/solvepnp/environment/path.sh
[0.906s] -- Symlinking: /home/ypq/final_ws/install/solvepnp/share/solvepnp/environment/path.dsv
[0.915s] -- Symlinking: /home/ypq/final_ws/install/solvepnp/share/solvepnp/local_setup.bash
[0.930s] -- Symlinking: /home/ypq/final_ws/install/solvepnp/share/solvepnp/local_setup.sh
[0.940s] -- Symlinking: /home/ypq/final_ws/install/solvepnp/share/solvepnp/local_setup.zsh
[0.949s] -- Symlinking: /home/ypq/final_ws/install/solvepnp/share/solvepnp/local_setup.dsv
[0.958s] -- Symlinking: /home/ypq/final_ws/install/solvepnp/share/solvepnp/package.dsv
[0.967s] -- Symlinking: /home/ypq/final_ws/install/solvepnp/share/ament_index/resource_index/packages/solvepnp
[0.977s] -- Symlinking: /home/ypq/final_ws/install/solvepnp/share/solvepnp/cmake/solvepnpConfig.cmake
[0.986s] -- Symlinking: /home/ypq/final_ws/install/solvepnp/share/solvepnp/cmake/solvepnpConfig-version.cmake
[0.995s] -- Symlinking: /home/ypq/final_ws/install/solvepnp/share/solvepnp/package.xml
[1.006s] Invoked command in '/home/ypq/final_ws/build/solvepnp' returned '0': CMAKE_PREFIX_PATH=/opt/ros/humble /usr/bin/cmake --install /home/ypq/final_ws/build/solvepnp
